mkdir -p build/devices
mkdir -p build/filesys
mkdir -p build/lib
mkdir -p build/lib/kernel
mkdir -p build/lib/user
mkdir -p build/tests/filesys/base
mkdir -p build/tests/userprog
mkdir -p build/tests/userprog/no-vm
mkdir -p build/threads
mkdir -p build/userprog
cp ../Makefile.build build/Makefile
cd build && make grade
make[1]: Entering directory '/home/chrx/Documents/Projects/project2OS/proj_2/userprog/build'
gcc -m32 -E -nostdinc -I../.. -I../../lib -I../../lib/kernel -P ../../threads/kernel.lds.S > threads/kernel.lds.s
gcc -m32 -c ../../threads/start.S -o threads/start.o -Wa,--gstabs -nostdinc -I../.. -I../../lib -I../../lib/kernel -DUSERPROG -DFILESYS -MMD -MF threads/start.d
gcc -m32 -c ../../threads/init.c -o threads/init.o -g -msoft-float -O -fno-stack-protector -nostdinc -I../.. -I../../lib -I../../lib/kernel -Wall -W -Wstrict-prototypes -Wmissing-prototypes -Wsystem-headers -DUSERPROG -DFILESYS -MMD -MF threads/init.d
gcc -m32 -c ../../threads/thread.c -o threads/thread.o -g -msoft-float -O -fno-stack-protector -nostdinc -I../.. -I../../lib -I../../lib/kernel -Wall -W -Wstrict-prototypes -Wmissing-prototypes -Wsystem-headers -DUSERPROG -DFILESYS -MMD -MF threads/thread.d
gcc -m32 -c ../../threads/switch.S -o threads/switch.o -Wa,--gstabs -nostdinc -I../.. -I../../lib -I../../lib/kernel -DUSERPROG -DFILESYS -MMD -MF threads/switch.d
gcc -m32 -c ../../threads/interrupt.c -o threads/interrupt.o -g -msoft-float -O -fno-stack-protector -nostdinc -I../.. -I../../lib -I../../lib/kernel -Wall -W -Wstrict-prototypes -Wmissing-prototypes -Wsystem-headers -DUSERPROG -DFILESYS -MMD -MF threads/interrupt.d
gcc -m32 -c ../../threads/intr-stubs.S -o threads/intr-stubs.o -Wa,--gstabs -nostdinc -I../.. -I../../lib -I../../lib/kernel -DUSERPROG -DFILESYS -MMD -MF threads/intr-stubs.d
gcc -m32 -c ../../threads/synch.c -o threads/synch.o -g -msoft-float -O -fno-stack-protector -nostdinc -I../.. -I../../lib -I../../lib/kernel -Wall -W -Wstrict-prototypes -Wmissing-prototypes -Wsystem-headers -DUSERPROG -DFILESYS -MMD -MF threads/synch.d
gcc -m32 -c ../../threads/palloc.c -o threads/palloc.o -g -msoft-float -O -fno-stack-protector -nostdinc -I../.. -I../../lib -I../../lib/kernel -Wall -W -Wstrict-prototypes -Wmissing-prototypes -Wsystem-headers -DUSERPROG -DFILESYS -MMD -MF threads/palloc.d
gcc -m32 -c ../../threads/malloc.c -o threads/malloc.o -g -msoft-float -O -fno-stack-protector -nostdinc -I../.. -I../../lib -I../../lib/kernel -Wall -W -Wstrict-prototypes -Wmissing-prototypes -Wsystem-headers -DUSERPROG -DFILESYS -MMD -MF threads/malloc.d
gcc -m32 -c ../../devices/pit.c -o devices/pit.o -g -msoft-float -O -fno-stack-protector -nostdinc -I../.. -I../../lib -I../../lib/kernel -Wall -W -Wstrict-prototypes -Wmissing-prototypes -Wsystem-headers -DUSERPROG -DFILESYS -MMD -MF devices/pit.d
gcc -m32 -c ../../devices/timer.c -o devices/timer.o -g -msoft-float -O -fno-stack-protector -nostdinc -I../.. -I../../lib -I../../lib/kernel -Wall -W -Wstrict-prototypes -Wmissing-prototypes -Wsystem-headers -DUSERPROG -DFILESYS -MMD -MF devices/timer.d
gcc -m32 -c ../../devices/kbd.c -o devices/kbd.o -g -msoft-float -O -fno-stack-protector -nostdinc -I../.. -I../../lib -I../../lib/kernel -Wall -W -Wstrict-prototypes -Wmissing-prototypes -Wsystem-headers -DUSERPROG -DFILESYS -MMD -MF devices/kbd.d
gcc -m32 -c ../../devices/vga.c -o devices/vga.o -g -msoft-float -O -fno-stack-protector -nostdinc -I../.. -I../../lib -I../../lib/kernel -Wall -W -Wstrict-prototypes -Wmissing-prototypes -Wsystem-headers -DUSERPROG -DFILESYS -MMD -MF devices/vga.d
gcc -m32 -c ../../devices/serial.c -o devices/serial.o -g -msoft-float -O -fno-stack-protector -nostdinc -I../.. -I../../lib -I../../lib/kernel -Wall -W -Wstrict-prototypes -Wmissing-prototypes -Wsystem-headers -DUSERPROG -DFILESYS -MMD -MF devices/serial.d
gcc -m32 -c ../../devices/block.c -o devices/block.o -g -msoft-float -O -fno-stack-protector -nostdinc -I../.. -I../../lib -I../../lib/kernel -Wall -W -Wstrict-prototypes -Wmissing-prototypes -Wsystem-headers -DUSERPROG -DFILESYS -MMD -MF devices/block.d
gcc -m32 -c ../../devices/partition.c -o devices/partition.o -g -msoft-float -O -fno-stack-protector -nostdinc -I../.. -I../../lib -I../../lib/kernel -Wall -W -Wstrict-prototypes -Wmissing-prototypes -Wsystem-headers -DUSERPROG -DFILESYS -MMD -MF devices/partition.d
gcc -m32 -c ../../devices/ide.c -o devices/ide.o -g -msoft-float -O -fno-stack-protector -nostdinc -I../.. -I../../lib -I../../lib/kernel -Wall -W -Wstrict-prototypes -Wmissing-prototypes -Wsystem-headers -DUSERPROG -DFILESYS -MMD -MF devices/ide.d
gcc -m32 -c ../../devices/input.c -o devices/input.o -g -msoft-float -O -fno-stack-protector -nostdinc -I../.. -I../../lib -I../../lib/kernel -Wall -W -Wstrict-prototypes -Wmissing-prototypes -Wsystem-headers -DUSERPROG -DFILESYS -MMD -MF devices/input.d
gcc -m32 -c ../../devices/intq.c -o devices/intq.o -g -msoft-float -O -fno-stack-protector -nostdinc -I../.. -I../../lib -I../../lib/kernel -Wall -W -Wstrict-prototypes -Wmissing-prototypes -Wsystem-headers -DUSERPROG -DFILESYS -MMD -MF devices/intq.d
gcc -m32 -c ../../devices/rtc.c -o devices/rtc.o -g -msoft-float -O -fno-stack-protector -nostdinc -I../.. -I../../lib -I../../lib/kernel -Wall -W -Wstrict-prototypes -Wmissing-prototypes -Wsystem-headers -DUSERPROG -DFILESYS -MMD -MF devices/rtc.d
gcc -m32 -c ../../devices/shutdown.c -o devices/shutdown.o -g -msoft-float -O -fno-stack-protector -nostdinc -I../.. -I../../lib -I../../lib/kernel -Wall -W -Wstrict-prototypes -Wmissing-prototypes -Wsystem-headers -DUSERPROG -DFILESYS -MMD -MF devices/shutdown.d
gcc -m32 -c ../../devices/speaker.c -o devices/speaker.o -g -msoft-float -O -fno-stack-protector -nostdinc -I../.. -I../../lib -I../../lib/kernel -Wall -W -Wstrict-prototypes -Wmissing-prototypes -Wsystem-headers -DUSERPROG -DFILESYS -MMD -MF devices/speaker.d
gcc -m32 -c ../../lib/debug.c -o lib/debug.o -g -msoft-float -O -fno-stack-protector -nostdinc -I../.. -I../../lib -I../../lib/kernel -Wall -W -Wstrict-prototypes -Wmissing-prototypes -Wsystem-headers -DUSERPROG -DFILESYS -MMD -MF lib/debug.d
gcc -m32 -c ../../lib/random.c -o lib/random.o -g -msoft-float -O -fno-stack-protector -nostdinc -I../.. -I../../lib -I../../lib/kernel -Wall -W -Wstrict-prototypes -Wmissing-prototypes -Wsystem-headers -DUSERPROG -DFILESYS -MMD -MF lib/random.d
gcc -m32 -c ../../lib/stdio.c -o lib/stdio.o -g -msoft-float -O -fno-stack-protector -nostdinc -I../.. -I../../lib -I../../lib/kernel -Wall -W -Wstrict-prototypes -Wmissing-prototypes -Wsystem-headers -DUSERPROG -DFILESYS -MMD -MF lib/stdio.d
gcc -m32 -c ../../lib/stdlib.c -o lib/stdlib.o -g -msoft-float -O -fno-stack-protector -nostdinc -I../.. -I../../lib -I../../lib/kernel -Wall -W -Wstrict-prototypes -Wmissing-prototypes -Wsystem-headers -DUSERPROG -DFILESYS -MMD -MF lib/stdlib.d
gcc -m32 -c ../../lib/string.c -o lib/string.o -g -msoft-float -O -fno-stack-protector -nostdinc -I../.. -I../../lib -I../../lib/kernel -Wall -W -Wstrict-prototypes -Wmissing-prototypes -Wsystem-headers -DUSERPROG -DFILESYS -MMD -MF lib/string.d
gcc -m32 -c ../../lib/arithmetic.c -o lib/arithmetic.o -g -msoft-float -O -fno-stack-protector -nostdinc -I../.. -I../../lib -I../../lib/kernel -Wall -W -Wstrict-prototypes -Wmissing-prototypes -Wsystem-headers -DUSERPROG -DFILESYS -MMD -MF lib/arithmetic.d
gcc -m32 -c ../../lib/ustar.c -o lib/ustar.o -g -msoft-float -O -fno-stack-protector -nostdinc -I../.. -I../../lib -I../../lib/kernel -Wall -W -Wstrict-prototypes -Wmissing-prototypes -Wsystem-headers -DUSERPROG -DFILESYS -MMD -MF lib/ustar.d
gcc -m32 -c ../../lib/kernel/debug.c -o lib/kernel/debug.o -g -msoft-float -O -fno-stack-protector -nostdinc -I../.. -I../../lib -I../../lib/kernel -Wall -W -Wstrict-prototypes -Wmissing-prototypes -Wsystem-headers -DUSERPROG -DFILESYS -MMD -MF lib/kernel/debug.d
gcc -m32 -c ../../lib/kernel/list.c -o lib/kernel/list.o -g -msoft-float -O -fno-stack-protector -nostdinc -I../.. -I../../lib -I../../lib/kernel -Wall -W -Wstrict-prototypes -Wmissing-prototypes -Wsystem-headers -DUSERPROG -DFILESYS -MMD -MF lib/kernel/list.d
gcc -m32 -c ../../lib/kernel/bitmap.c -o lib/kernel/bitmap.o -g -msoft-float -O -fno-stack-protector -nostdinc -I../.. -I../../lib -I../../lib/kernel -Wall -W -Wstrict-prototypes -Wmissing-prototypes -Wsystem-headers -DUSERPROG -DFILESYS -MMD -MF lib/kernel/bitmap.d
gcc -m32 -c ../../lib/kernel/hash.c -o lib/kernel/hash.o -g -msoft-float -O -fno-stack-protector -nostdinc -I../.. -I../../lib -I../../lib/kernel -Wall -W -Wstrict-prototypes -Wmissing-prototypes -Wsystem-headers -DUSERPROG -DFILESYS -MMD -MF lib/kernel/hash.d
gcc -m32 -c ../../lib/kernel/console.c -o lib/kernel/console.o -g -msoft-float -O -fno-stack-protector -nostdinc -I../.. -I../../lib -I../../lib/kernel -Wall -W -Wstrict-prototypes -Wmissing-prototypes -Wsystem-headers -DUSERPROG -DFILESYS -MMD -MF lib/kernel/console.d
gcc -m32 -c ../../userprog/process.c -o userprog/process.o -g -msoft-float -O -fno-stack-protector -nostdinc -I../.. -I../../lib -I../../lib/kernel -Wall -W -Wstrict-prototypes -Wmissing-prototypes -Wsystem-headers -DUSERPROG -DFILESYS -MMD -MF userprog/process.d
gcc -m32 -c ../../userprog/pagedir.c -o userprog/pagedir.o -g -msoft-float -O -fno-stack-protector -nostdinc -I../.. -I../../lib -I../../lib/kernel -Wall -W -Wstrict-prototypes -Wmissing-prototypes -Wsystem-headers -DUSERPROG -DFILESYS -MMD -MF userprog/pagedir.d
gcc -m32 -c ../../userprog/exception.c -o userprog/exception.o -g -msoft-float -O -fno-stack-protector -nostdinc -I../.. -I../../lib -I../../lib/kernel -Wall -W -Wstrict-prototypes -Wmissing-prototypes -Wsystem-headers -DUSERPROG -DFILESYS -MMD -MF userprog/exception.d
gcc -m32 -c ../../userprog/syscall.c -o userprog/syscall.o -g -msoft-float -O -fno-stack-protector -nostdinc -I../.. -I../../lib -I../../lib/kernel -Wall -W -Wstrict-prototypes -Wmissing-prototypes -Wsystem-headers -DUSERPROG -DFILESYS -MMD -MF userprog/syscall.d
gcc -m32 -c ../../userprog/gdt.c -o userprog/gdt.o -g -msoft-float -O -fno-stack-protector -nostdinc -I../.. -I../../lib -I../../lib/kernel -Wall -W -Wstrict-prototypes -Wmissing-prototypes -Wsystem-headers -DUSERPROG -DFILESYS -MMD -MF userprog/gdt.d
gcc -m32 -c ../../userprog/tss.c -o userprog/tss.o -g -msoft-float -O -fno-stack-protector -nostdinc -I../.. -I../../lib -I../../lib/kernel -Wall -W -Wstrict-prototypes -Wmissing-prototypes -Wsystem-headers -DUSERPROG -DFILESYS -MMD -MF userprog/tss.d
gcc -m32 -c ../../filesys/filesys.c -o filesys/filesys.o -g -msoft-float -O -fno-stack-protector -nostdinc -I../.. -I../../lib -I../../lib/kernel -Wall -W -Wstrict-prototypes -Wmissing-prototypes -Wsystem-headers -DUSERPROG -DFILESYS -MMD -MF filesys/filesys.d
gcc -m32 -c ../../filesys/free-map.c -o filesys/free-map.o -g -msoft-float -O -fno-stack-protector -nostdinc -I../.. -I../../lib -I../../lib/kernel -Wall -W -Wstrict-prototypes -Wmissing-prototypes -Wsystem-headers -DUSERPROG -DFILESYS -MMD -MF filesys/free-map.d
gcc -m32 -c ../../filesys/file.c -o filesys/file.o -g -msoft-float -O -fno-stack-protector -nostdinc -I../.. -I../../lib -I../../lib/kernel -Wall -W -Wstrict-prototypes -Wmissing-prototypes -Wsystem-headers -DUSERPROG -DFILESYS -MMD -MF filesys/file.d
gcc -m32 -c ../../filesys/directory.c -o filesys/directory.o -g -msoft-float -O -fno-stack-protector -nostdinc -I../.. -I../../lib -I../../lib/kernel -Wall -W -Wstrict-prototypes -Wmissing-prototypes -Wsystem-headers -DUSERPROG -DFILESYS -MMD -MF filesys/directory.d
gcc -m32 -c ../../filesys/inode.c -o filesys/inode.o -g -msoft-float -O -fno-stack-protector -nostdinc -I../.. -I../../lib -I../../lib/kernel -Wall -W -Wstrict-prototypes -Wmissing-prototypes -Wsystem-headers -DUSERPROG -DFILESYS -MMD -MF filesys/inode.d
gcc -m32 -c ../../filesys/fsutil.c -o filesys/fsutil.o -g -msoft-float -O -fno-stack-protector -nostdinc -I../.. -I../../lib -I../../lib/kernel -Wall -W -Wstrict-prototypes -Wmissing-prototypes -Wsystem-headers -DUSERPROG -DFILESYS -MMD -MF filesys/fsutil.d
ld -melf_i386 -T threads/kernel.lds.s -o kernel.o threads/start.o threads/init.o threads/thread.o threads/switch.o threads/interrupt.o threads/intr-stubs.o threads/synch.o threads/palloc.o threads/malloc.o devices/pit.o devices/timer.o devices/kbd.o devices/vga.o devices/serial.o devices/block.o devices/partition.o devices/ide.o devices/input.o devices/intq.o devices/rtc.o devices/shutdown.o devices/speaker.o lib/debug.o lib/random.o lib/stdio.o lib/stdlib.o lib/string.o lib/arithmetic.o lib/ustar.o lib/kernel/debug.o lib/kernel/list.o lib/kernel/bitmap.o lib/kernel/hash.o lib/kernel/console.o userprog/process.o userprog/pagedir.o userprog/exception.o userprog/syscall.o userprog/gdt.o userprog/tss.o filesys/filesys.o filesys/free-map.o filesys/file.o filesys/directory.o filesys/inode.o filesys/fsutil.o
objcopy -R .note -R .comment -S kernel.o kernel.bin
gcc -m32 -c ../../threads/loader.S -o threads/loader.o -Wa,--gstabs -nostdinc -I../.. -I../../lib 
ld -melf_i386 -N -e 0 -Ttext 0x7c00 --oformat binary -o loader.bin threads/loader.o
gcc -m32 -c ../../tests/userprog/args.c -o tests/userprog/args.o -g -msoft-float -O -fno-stack-protector -nostdinc -I../.. -I../../lib -I../../lib/user -I. -Wall -W -Wstrict-prototypes -Wmissing-prototypes -Wsystem-headers  -MMD -MF tests/userprog/args.d
gcc -m32 -c ../../tests/lib.c -o tests/lib.o -g -msoft-float -O -fno-stack-protector -nostdinc -I../.. -I../../lib -I../../lib/user -I. -Wall -W -Wstrict-prototypes -Wmissing-prototypes -Wsystem-headers  -MMD -MF tests/lib.d
gcc -m32 -c ../../lib/user/entry.c -o lib/user/entry.o -g -msoft-float -O -fno-stack-protector -nostdinc -I../.. -I../../lib -I../../lib/user -I. -Wall -W -Wstrict-prototypes -Wmissing-prototypes -Wsystem-headers  -MMD -MF lib/user/entry.d
gcc -m32 -c ../../lib/user/debug.c -o lib/user/debug.o -g -msoft-float -O -fno-stack-protector -nostdinc -I../.. -I../../lib -I../../lib/user -I. -Wall -W -Wstrict-prototypes -Wmissing-prototypes -Wsystem-headers  -MMD -MF lib/user/debug.d
gcc -m32 -c ../../lib/user/syscall.c -o lib/user/syscall.o -g -msoft-float -O -fno-stack-protector -nostdinc -I../.. -I../../lib -I../../lib/user -I. -Wall -W -Wstrict-prototypes -Wmissing-prototypes -Wsystem-headers  -MMD -MF lib/user/syscall.d
gcc -m32 -c ../../lib/user/console.c -o lib/user/console.o -g -msoft-float -O -fno-stack-protector -nostdinc -I../.. -I../../lib -I../../lib/user -I. -Wall -W -Wstrict-prototypes -Wmissing-prototypes -Wsystem-headers  -MMD -MF lib/user/console.d
rm -f libc.a
ar r libc.a lib/debug.o lib/random.o lib/stdio.o lib/stdlib.o lib/string.o lib/arithmetic.o lib/ustar.o lib/user/debug.o lib/user/syscall.o lib/user/console.o
ranlib libc.a
gcc -m32  -Wl,--build-id=none -nostdlib -static -Wl,-T,../../lib/user/user.lds tests/userprog/args.o tests/lib.o lib/user/entry.o libc.a -o tests/userprog/args-none
pintos -v -k -T 60 --qemu  --filesys-size=2 -p tests/userprog/args-none -a args-none -- -q  -f run args-none < /dev/null 2> tests/userprog/args-none.errors > tests/userprog/args-none.output
perl -I../.. ../../tests/userprog/args-none.ck tests/userprog/args-none tests/userprog/args-none.result
pass tests/userprog/args-none
gcc -m32  -Wl,--build-id=none -nostdlib -static -Wl,-T,../../lib/user/user.lds tests/userprog/args.o tests/lib.o lib/user/entry.o libc.a -o tests/userprog/args-single
pintos -v -k -T 60 --qemu  --filesys-size=2 -p tests/userprog/args-single -a args-single -- -q  -f run 'args-single onearg' < /dev/null 2> tests/userprog/args-single.errors > tests/userprog/args-single.output
perl -I../.. ../../tests/userprog/args-single.ck tests/userprog/args-single tests/userprog/args-single.result
pass tests/userprog/args-single
gcc -m32  -Wl,--build-id=none -nostdlib -static -Wl,-T,../../lib/user/user.lds tests/userprog/args.o tests/lib.o lib/user/entry.o libc.a -o tests/userprog/args-multiple
pintos -v -k -T 60 --qemu  --filesys-size=2 -p tests/userprog/args-multiple -a args-multiple -- -q  -f run 'args-multiple some arguments for you!' < /dev/null 2> tests/userprog/args-multiple.errors > tests/userprog/args-multiple.output
perl -I../.. ../../tests/userprog/args-multiple.ck tests/userprog/args-multiple tests/userprog/args-multiple.result
pass tests/userprog/args-multiple
gcc -m32  -Wl,--build-id=none -nostdlib -static -Wl,-T,../../lib/user/user.lds tests/userprog/args.o tests/lib.o lib/user/entry.o libc.a -o tests/userprog/args-many
pintos -v -k -T 60 --qemu  --filesys-size=2 -p tests/userprog/args-many -a args-many -- -q  -f run 'args-many a b c d e f g h i j k l m n o p q r s t u v' < /dev/null 2> tests/userprog/args-many.errors > tests/userprog/args-many.output
perl -I../.. ../../tests/userprog/args-many.ck tests/userprog/args-many tests/userprog/args-many.result
pass tests/userprog/args-many
gcc -m32  -Wl,--build-id=none -nostdlib -static -Wl,-T,../../lib/user/user.lds tests/userprog/args.o tests/lib.o lib/user/entry.o libc.a -o tests/userprog/args-dbl-space
pintos -v -k -T 60 --qemu  --filesys-size=2 -p tests/userprog/args-dbl-space -a args-dbl-space -- -q  -f run 'args-dbl-space two  spaces!' < /dev/null 2> tests/userprog/args-dbl-space.errors > tests/userprog/args-dbl-space.output
perl -I../.. ../../tests/userprog/args-dbl-space.ck tests/userprog/args-dbl-space tests/userprog/args-dbl-space.result
pass tests/userprog/args-dbl-space
gcc -m32 -c ../../tests/userprog/sc-bad-sp.c -o tests/userprog/sc-bad-sp.o -g -msoft-float -O -fno-stack-protector -nostdinc -I../.. -I../../lib -I../../lib/user -I. -Wall -W -Wstrict-prototypes -Wmissing-prototypes -Wsystem-headers  -MMD -MF tests/userprog/sc-bad-sp.d
gcc -m32 -c ../../tests/main.c -o tests/main.o -g -msoft-float -O -fno-stack-protector -nostdinc -I../.. -I../../lib -I../../lib/user -I. -Wall -W -Wstrict-prototypes -Wmissing-prototypes -Wsystem-headers  -MMD -MF tests/main.d
gcc -m32  -Wl,--build-id=none -nostdlib -static -Wl,-T,../../lib/user/user.lds tests/userprog/sc-bad-sp.o tests/main.o tests/lib.o lib/user/entry.o libc.a -o tests/userprog/sc-bad-sp
pintos -v -k -T 60 --qemu  --filesys-size=2 -p tests/userprog/sc-bad-sp -a sc-bad-sp -- -q  -f run sc-bad-sp < /dev/null 2> tests/userprog/sc-bad-sp.errors > tests/userprog/sc-bad-sp.output
perl -I../.. ../../tests/userprog/sc-bad-sp.ck tests/userprog/sc-bad-sp tests/userprog/sc-bad-sp.result
FAIL tests/userprog/sc-bad-sp
Kernel panic in run: PANIC at ../../userprog/exception.c:101 in kill(): Kernel bug - unexpected interrupt in kernel
Call stack: 0xc00277b6 0xc002abad 0x804809e
Translation of call stack:
In kernel.o:
0xc00277b6: debug_panic (.../../lib/kernel/debug.c:38)
0xc002abad: syscall_handler (.../../userprog/syscall.c:94)
In tests/userprog/sc-bad-sp:
0x0804809e: test_main (...s/userprog/sc-bad-sp.c:19)
Translations of user virtual addresses above are based on a guess at
the binary to use.  If this guess is incorrect, then those
translations will be misleading.
gcc -m32 -c ../../tests/userprog/sc-bad-arg.c -o tests/userprog/sc-bad-arg.o -g -msoft-float -O -fno-stack-protector -nostdinc -I../.. -I../../lib -I../../lib/user -I. -Wall -W -Wstrict-prototypes -Wmissing-prototypes -Wsystem-headers  -MMD -MF tests/userprog/sc-bad-arg.d
gcc -m32  -Wl,--build-id=none -nostdlib -static -Wl,-T,../../lib/user/user.lds tests/userprog/sc-bad-arg.o tests/main.o tests/lib.o lib/user/entry.o libc.a -o tests/userprog/sc-bad-arg
pintos -v -k -T 60 --qemu  --filesys-size=2 -p tests/userprog/sc-bad-arg -a sc-bad-arg -- -q  -f run sc-bad-arg < /dev/null 2> tests/userprog/sc-bad-arg.errors > tests/userprog/sc-bad-arg.output
perl -I../.. ../../tests/userprog/sc-bad-arg.ck tests/userprog/sc-bad-arg tests/userprog/sc-bad-arg.result
pass tests/userprog/sc-bad-arg
gcc -m32 -c ../../tests/userprog/sc-boundary.c -o tests/userprog/sc-boundary.o -g -msoft-float -O -fno-stack-protector -nostdinc -I../.. -I../../lib -I../../lib/user -I. -Wall -W -Wstrict-prototypes -Wmissing-prototypes -Wsystem-headers  -MMD -MF tests/userprog/sc-boundary.d
gcc -m32 -c ../../tests/userprog/boundary.c -o tests/userprog/boundary.o -g -msoft-float -O -fno-stack-protector -nostdinc -I../.. -I../../lib -I../../lib/user -I. -Wall -W -Wstrict-prototypes -Wmissing-prototypes -Wsystem-headers  -MMD -MF tests/userprog/boundary.d
gcc -m32  -Wl,--build-id=none -nostdlib -static -Wl,-T,../../lib/user/user.lds tests/userprog/sc-boundary.o tests/userprog/boundary.o tests/main.o tests/lib.o lib/user/entry.o libc.a -o tests/userprog/sc-boundary
pintos -v -k -T 60 --qemu  --filesys-size=2 -p tests/userprog/sc-boundary -a sc-boundary -- -q  -f run sc-boundary < /dev/null 2> tests/userprog/sc-boundary.errors > tests/userprog/sc-boundary.output
perl -I../.. ../../tests/userprog/sc-boundary.ck tests/userprog/sc-boundary tests/userprog/sc-boundary.result
pass tests/userprog/sc-boundary
gcc -m32 -c ../../tests/userprog/sc-boundary-2.c -o tests/userprog/sc-boundary-2.o -g -msoft-float -O -fno-stack-protector -nostdinc -I../.. -I../../lib -I../../lib/user -I. -Wall -W -Wstrict-prototypes -Wmissing-prototypes -Wsystem-headers  -MMD -MF tests/userprog/sc-boundary-2.d
gcc -m32  -Wl,--build-id=none -nostdlib -static -Wl,-T,../../lib/user/user.lds tests/userprog/sc-boundary-2.o tests/userprog/boundary.o tests/main.o tests/lib.o lib/user/entry.o libc.a -o tests/userprog/sc-boundary-2
pintos -v -k -T 60 --qemu  --filesys-size=2 -p tests/userprog/sc-boundary-2 -a sc-boundary-2 -- -q  -f run sc-boundary-2 < /dev/null 2> tests/userprog/sc-boundary-2.errors > tests/userprog/sc-boundary-2.output
perl -I../.. ../../tests/userprog/sc-boundary-2.ck tests/userprog/sc-boundary-2 tests/userprog/sc-boundary-2.result
pass tests/userprog/sc-boundary-2
gcc -m32 -c ../../tests/userprog/halt.c -o tests/userprog/halt.o -g -msoft-float -O -fno-stack-protector -nostdinc -I../.. -I../../lib -I../../lib/user -I. -Wall -W -Wstrict-prototypes -Wmissing-prototypes -Wsystem-headers  -MMD -MF tests/userprog/halt.d
gcc -m32  -Wl,--build-id=none -nostdlib -static -Wl,-T,../../lib/user/user.lds tests/userprog/halt.o tests/main.o tests/lib.o lib/user/entry.o libc.a -o tests/userprog/halt
pintos -v -k -T 60 --qemu  --filesys-size=2 -p tests/userprog/halt -a halt -- -q  -f run halt < /dev/null 2> tests/userprog/halt.errors > tests/userprog/halt.output
perl -I../.. ../../tests/userprog/halt.ck tests/userprog/halt tests/userprog/halt.result
pass tests/userprog/halt
gcc -m32 -c ../../tests/userprog/exit.c -o tests/userprog/exit.o -g -msoft-float -O -fno-stack-protector -nostdinc -I../.. -I../../lib -I../../lib/user -I. -Wall -W -Wstrict-prototypes -Wmissing-prototypes -Wsystem-headers  -MMD -MF tests/userprog/exit.d
gcc -m32  -Wl,--build-id=none -nostdlib -static -Wl,-T,../../lib/user/user.lds tests/userprog/exit.o tests/main.o tests/lib.o lib/user/entry.o libc.a -o tests/userprog/exit
pintos -v -k -T 60 --qemu  --filesys-size=2 -p tests/userprog/exit -a exit -- -q  -f run exit < /dev/null 2> tests/userprog/exit.errors > tests/userprog/exit.output
perl -I../.. ../../tests/userprog/exit.ck tests/userprog/exit tests/userprog/exit.result
pass tests/userprog/exit
gcc -m32 -c ../../tests/userprog/create-normal.c -o tests/userprog/create-normal.o -g -msoft-float -O -fno-stack-protector -nostdinc -I../.. -I../../lib -I../../lib/user -I. -Wall -W -Wstrict-prototypes -Wmissing-prototypes -Wsystem-headers  -MMD -MF tests/userprog/create-normal.d
gcc -m32  -Wl,--build-id=none -nostdlib -static -Wl,-T,../../lib/user/user.lds tests/userprog/create-normal.o tests/main.o tests/lib.o lib/user/entry.o libc.a -o tests/userprog/create-normal
pintos -v -k -T 60 --qemu  --filesys-size=2 -p tests/userprog/create-normal -a create-normal -- -q  -f run create-normal < /dev/null 2> tests/userprog/create-normal.errors > tests/userprog/create-normal.output
perl -I../.. ../../tests/userprog/create-normal.ck tests/userprog/create-normal tests/userprog/create-normal.result
pass tests/userprog/create-normal
gcc -m32 -c ../../tests/userprog/create-empty.c -o tests/userprog/create-empty.o -g -msoft-float -O -fno-stack-protector -nostdinc -I../.. -I../../lib -I../../lib/user -I. -Wall -W -Wstrict-prototypes -Wmissing-prototypes -Wsystem-headers  -MMD -MF tests/userprog/create-empty.d
gcc -m32  -Wl,--build-id=none -nostdlib -static -Wl,-T,../../lib/user/user.lds tests/userprog/create-empty.o tests/main.o tests/lib.o lib/user/entry.o libc.a -o tests/userprog/create-empty
pintos -v -k -T 60 --qemu  --filesys-size=2 -p tests/userprog/create-empty -a create-empty -- -q  -f run create-empty < /dev/null 2> tests/userprog/create-empty.errors > tests/userprog/create-empty.output
perl -I../.. ../../tests/userprog/create-empty.ck tests/userprog/create-empty tests/userprog/create-empty.result
pass tests/userprog/create-empty
gcc -m32 -c ../../tests/userprog/create-null.c -o tests/userprog/create-null.o -g -msoft-float -O -fno-stack-protector -nostdinc -I../.. -I../../lib -I../../lib/user -I. -Wall -W -Wstrict-prototypes -Wmissing-prototypes -Wsystem-headers  -MMD -MF tests/userprog/create-null.d
gcc -m32  -Wl,--build-id=none -nostdlib -static -Wl,-T,../../lib/user/user.lds tests/userprog/create-null.o tests/main.o tests/lib.o lib/user/entry.o libc.a -o tests/userprog/create-null
pintos -v -k -T 60 --qemu  --filesys-size=2 -p tests/userprog/create-null -a create-null -- -q  -f run create-null < /dev/null 2> tests/userprog/create-null.errors > tests/userprog/create-null.output
perl -I../.. ../../tests/userprog/create-null.ck tests/userprog/create-null tests/userprog/create-null.result
pass tests/userprog/create-null
gcc -m32 -c ../../tests/userprog/create-bad-ptr.c -o tests/userprog/create-bad-ptr.o -g -msoft-float -O -fno-stack-protector -nostdinc -I../.. -I../../lib -I../../lib/user -I. -Wall -W -Wstrict-prototypes -Wmissing-prototypes -Wsystem-headers  -MMD -MF tests/userprog/create-bad-ptr.d
gcc -m32  -Wl,--build-id=none -nostdlib -static -Wl,-T,../../lib/user/user.lds tests/userprog/create-bad-ptr.o tests/main.o tests/lib.o lib/user/entry.o libc.a -o tests/userprog/create-bad-ptr
pintos -v -k -T 60 --qemu  --filesys-size=2 -p tests/userprog/create-bad-ptr -a create-bad-ptr -- -q  -f run create-bad-ptr < /dev/null 2> tests/userprog/create-bad-ptr.errors > tests/userprog/create-bad-ptr.output
perl -I../.. ../../tests/userprog/create-bad-ptr.ck tests/userprog/create-bad-ptr tests/userprog/create-bad-ptr.result
pass tests/userprog/create-bad-ptr
gcc -m32 -c ../../tests/userprog/create-long.c -o tests/userprog/create-long.o -g -msoft-float -O -fno-stack-protector -nostdinc -I../.. -I../../lib -I../../lib/user -I. -Wall -W -Wstrict-prototypes -Wmissing-prototypes -Wsystem-headers  -MMD -MF tests/userprog/create-long.d
gcc -m32  -Wl,--build-id=none -nostdlib -static -Wl,-T,../../lib/user/user.lds tests/userprog/create-long.o tests/main.o tests/lib.o lib/user/entry.o libc.a -o tests/userprog/create-long
pintos -v -k -T 60 --qemu  --filesys-size=2 -p tests/userprog/create-long -a create-long -- -q  -f run create-long < /dev/null 2> tests/userprog/create-long.errors > tests/userprog/create-long.output
perl -I../.. ../../tests/userprog/create-long.ck tests/userprog/create-long tests/userprog/create-long.result
pass tests/userprog/create-long
gcc -m32 -c ../../tests/userprog/create-exists.c -o tests/userprog/create-exists.o -g -msoft-float -O -fno-stack-protector -nostdinc -I../.. -I../../lib -I../../lib/user -I. -Wall -W -Wstrict-prototypes -Wmissing-prototypes -Wsystem-headers  -MMD -MF tests/userprog/create-exists.d
gcc -m32  -Wl,--build-id=none -nostdlib -static -Wl,-T,../../lib/user/user.lds tests/userprog/create-exists.o tests/main.o tests/lib.o lib/user/entry.o libc.a -o tests/userprog/create-exists
pintos -v -k -T 60 --qemu  --filesys-size=2 -p tests/userprog/create-exists -a create-exists -- -q  -f run create-exists < /dev/null 2> tests/userprog/create-exists.errors > tests/userprog/create-exists.output
perl -I../.. ../../tests/userprog/create-exists.ck tests/userprog/create-exists tests/userprog/create-exists.result
pass tests/userprog/create-exists
gcc -m32 -c ../../tests/userprog/create-bound.c -o tests/userprog/create-bound.o -g -msoft-float -O -fno-stack-protector -nostdinc -I../.. -I../../lib -I../../lib/user -I. -Wall -W -Wstrict-prototypes -Wmissing-prototypes -Wsystem-headers  -MMD -MF tests/userprog/create-bound.d
gcc -m32  -Wl,--build-id=none -nostdlib -static -Wl,-T,../../lib/user/user.lds tests/userprog/create-bound.o tests/userprog/boundary.o tests/main.o tests/lib.o lib/user/entry.o libc.a -o tests/userprog/create-bound
pintos -v -k -T 60 --qemu  --filesys-size=2 -p tests/userprog/create-bound -a create-bound -- -q  -f run create-bound < /dev/null 2> tests/userprog/create-bound.errors > tests/userprog/create-bound.output
perl -I../.. ../../tests/userprog/create-bound.ck tests/userprog/create-bound tests/userprog/create-bound.result
pass tests/userprog/create-bound
gcc -m32 -c ../../tests/userprog/open-normal.c -o tests/userprog/open-normal.o -g -msoft-float -O -fno-stack-protector -nostdinc -I../.. -I../../lib -I../../lib/user -I. -Wall -W -Wstrict-prototypes -Wmissing-prototypes -Wsystem-headers  -MMD -MF tests/userprog/open-normal.d
gcc -m32  -Wl,--build-id=none -nostdlib -static -Wl,-T,../../lib/user/user.lds tests/userprog/open-normal.o tests/main.o tests/lib.o lib/user/entry.o libc.a -o tests/userprog/open-normal
pintos -v -k -T 60 --qemu  --filesys-size=2 -p tests/userprog/open-normal -a open-normal -p ../../tests/userprog/sample.txt -a sample.txt -- -q  -f run open-normal < /dev/null 2> tests/userprog/open-normal.errors > tests/userprog/open-normal.output
perl -I../.. ../../tests/userprog/open-normal.ck tests/userprog/open-normal tests/userprog/open-normal.result
FAIL tests/userprog/open-normal
run: open() returned -1: FAILED
gcc -m32 -c ../../tests/userprog/open-missing.c -o tests/userprog/open-missing.o -g -msoft-float -O -fno-stack-protector -nostdinc -I../.. -I../../lib -I../../lib/user -I. -Wall -W -Wstrict-prototypes -Wmissing-prototypes -Wsystem-headers  -MMD -MF tests/userprog/open-missing.d
gcc -m32  -Wl,--build-id=none -nostdlib -static -Wl,-T,../../lib/user/user.lds tests/userprog/open-missing.o tests/main.o tests/lib.o lib/user/entry.o libc.a -o tests/userprog/open-missing
pintos -v -k -T 60 --qemu  --filesys-size=2 -p tests/userprog/open-missing -a open-missing -- -q  -f run open-missing < /dev/null 2> tests/userprog/open-missing.errors > tests/userprog/open-missing.output
perl -I../.. ../../tests/userprog/open-missing.ck tests/userprog/open-missing tests/userprog/open-missing.result
pass tests/userprog/open-missing
gcc -m32 -c ../../tests/userprog/open-boundary.c -o tests/userprog/open-boundary.o -g -msoft-float -O -fno-stack-protector -nostdinc -I../.. -I../../lib -I../../lib/user -I. -Wall -W -Wstrict-prototypes -Wmissing-prototypes -Wsystem-headers  -MMD -MF tests/userprog/open-boundary.d
gcc -m32  -Wl,--build-id=none -nostdlib -static -Wl,-T,../../lib/user/user.lds tests/userprog/open-boundary.o tests/userprog/boundary.o tests/main.o tests/lib.o lib/user/entry.o libc.a -o tests/userprog/open-boundary
pintos -v -k -T 60 --qemu  --filesys-size=2 -p tests/userprog/open-boundary -a open-boundary -p ../../tests/userprog/sample.txt -a sample.txt -- -q  -f run open-boundary < /dev/null 2> tests/userprog/open-boundary.errors > tests/userprog/open-boundary.output
perl -I../.. ../../tests/userprog/open-boundary.ck tests/userprog/open-boundary tests/userprog/open-boundary.result
FAIL tests/userprog/open-boundary
run: open "sample.txt": FAILED
gcc -m32 -c ../../tests/userprog/open-empty.c -o tests/userprog/open-empty.o -g -msoft-float -O -fno-stack-protector -nostdinc -I../.. -I../../lib -I../../lib/user -I. -Wall -W -Wstrict-prototypes -Wmissing-prototypes -Wsystem-headers  -MMD -MF tests/userprog/open-empty.d
gcc -m32  -Wl,--build-id=none -nostdlib -static -Wl,-T,../../lib/user/user.lds tests/userprog/open-empty.o tests/main.o tests/lib.o lib/user/entry.o libc.a -o tests/userprog/open-empty
pintos -v -k -T 60 --qemu  --filesys-size=2 -p tests/userprog/open-empty -a open-empty -- -q  -f run open-empty < /dev/null 2> tests/userprog/open-empty.errors > tests/userprog/open-empty.output
perl -I../.. ../../tests/userprog/open-empty.ck tests/userprog/open-empty tests/userprog/open-empty.result
pass tests/userprog/open-empty
gcc -m32 -c ../../tests/userprog/open-null.c -o tests/userprog/open-null.o -g -msoft-float -O -fno-stack-protector -nostdinc -I../.. -I../../lib -I../../lib/user -I. -Wall -W -Wstrict-prototypes -Wmissing-prototypes -Wsystem-headers  -MMD -MF tests/userprog/open-null.d
gcc -m32  -Wl,--build-id=none -nostdlib -static -Wl,-T,../../lib/user/user.lds tests/userprog/open-null.o tests/main.o tests/lib.o lib/user/entry.o libc.a -o tests/userprog/open-null
pintos -v -k -T 60 --qemu  --filesys-size=2 -p tests/userprog/open-null -a open-null -- -q  -f run open-null < /dev/null 2> tests/userprog/open-null.errors > tests/userprog/open-null.output
perl -I../.. ../../tests/userprog/open-null.ck tests/userprog/open-null tests/userprog/open-null.result
pass tests/userprog/open-null
gcc -m32 -c ../../tests/userprog/open-bad-ptr.c -o tests/userprog/open-bad-ptr.o -g -msoft-float -O -fno-stack-protector -nostdinc -I../.. -I../../lib -I../../lib/user -I. -Wall -W -Wstrict-prototypes -Wmissing-prototypes -Wsystem-headers  -MMD -MF tests/userprog/open-bad-ptr.d
gcc -m32  -Wl,--build-id=none -nostdlib -static -Wl,-T,../../lib/user/user.lds tests/userprog/open-bad-ptr.o tests/main.o tests/lib.o lib/user/entry.o libc.a -o tests/userprog/open-bad-ptr
pintos -v -k -T 60 --qemu  --filesys-size=2 -p tests/userprog/open-bad-ptr -a open-bad-ptr -- -q  -f run open-bad-ptr < /dev/null 2> tests/userprog/open-bad-ptr.errors > tests/userprog/open-bad-ptr.output
perl -I../.. ../../tests/userprog/open-bad-ptr.ck tests/userprog/open-bad-ptr tests/userprog/open-bad-ptr.result
pass tests/userprog/open-bad-ptr
gcc -m32 -c ../../tests/userprog/open-twice.c -o tests/userprog/open-twice.o -g -msoft-float -O -fno-stack-protector -nostdinc -I../.. -I../../lib -I../../lib/user -I. -Wall -W -Wstrict-prototypes -Wmissing-prototypes -Wsystem-headers  -MMD -MF tests/userprog/open-twice.d
gcc -m32  -Wl,--build-id=none -nostdlib -static -Wl,-T,../../lib/user/user.lds tests/userprog/open-twice.o tests/main.o tests/lib.o lib/user/entry.o libc.a -o tests/userprog/open-twice
pintos -v -k -T 60 --qemu  --filesys-size=2 -p tests/userprog/open-twice -a open-twice -p ../../tests/userprog/sample.txt -a sample.txt -- -q  -f run open-twice < /dev/null 2> tests/userprog/open-twice.errors > tests/userprog/open-twice.output
perl -I../.. ../../tests/userprog/open-twice.ck tests/userprog/open-twice tests/userprog/open-twice.result
FAIL tests/userprog/open-twice
run: open "sample.txt" once: FAILED
gcc -m32 -c ../../tests/userprog/close-normal.c -o tests/userprog/close-normal.o -g -msoft-float -O -fno-stack-protector -nostdinc -I../.. -I../../lib -I../../lib/user -I. -Wall -W -Wstrict-prototypes -Wmissing-prototypes -Wsystem-headers  -MMD -MF tests/userprog/close-normal.d
gcc -m32  -Wl,--build-id=none -nostdlib -static -Wl,-T,../../lib/user/user.lds tests/userprog/close-normal.o tests/main.o tests/lib.o lib/user/entry.o libc.a -o tests/userprog/close-normal
pintos -v -k -T 60 --qemu  --filesys-size=2 -p tests/userprog/close-normal -a close-normal -p ../../tests/userprog/sample.txt -a sample.txt -- -q  -f run close-normal < /dev/null 2> tests/userprog/close-normal.errors > tests/userprog/close-normal.output
perl -I../.. ../../tests/userprog/close-normal.ck tests/userprog/close-normal tests/userprog/close-normal.result
FAIL tests/userprog/close-normal
run: open "sample.txt": FAILED
gcc -m32 -c ../../tests/userprog/close-twice.c -o tests/userprog/close-twice.o -g -msoft-float -O -fno-stack-protector -nostdinc -I../.. -I../../lib -I../../lib/user -I. -Wall -W -Wstrict-prototypes -Wmissing-prototypes -Wsystem-headers  -MMD -MF tests/userprog/close-twice.d
gcc -m32  -Wl,--build-id=none -nostdlib -static -Wl,-T,../../lib/user/user.lds tests/userprog/close-twice.o tests/main.o tests/lib.o lib/user/entry.o libc.a -o tests/userprog/close-twice
pintos -v -k -T 60 --qemu  --filesys-size=2 -p tests/userprog/close-twice -a close-twice -p ../../tests/userprog/sample.txt -a sample.txt -- -q  -f run close-twice < /dev/null 2> tests/userprog/close-twice.errors > tests/userprog/close-twice.output
perl -I../.. ../../tests/userprog/close-twice.ck tests/userprog/close-twice tests/userprog/close-twice.result
FAIL tests/userprog/close-twice
run: open "sample.txt": FAILED
gcc -m32 -c ../../tests/userprog/close-stdin.c -o tests/userprog/close-stdin.o -g -msoft-float -O -fno-stack-protector -nostdinc -I../.. -I../../lib -I../../lib/user -I. -Wall -W -Wstrict-prototypes -Wmissing-prototypes -Wsystem-headers  -MMD -MF tests/userprog/close-stdin.d
gcc -m32  -Wl,--build-id=none -nostdlib -static -Wl,-T,../../lib/user/user.lds tests/userprog/close-stdin.o tests/main.o tests/lib.o lib/user/entry.o libc.a -o tests/userprog/close-stdin
pintos -v -k -T 60 --qemu  --filesys-size=2 -p tests/userprog/close-stdin -a close-stdin -- -q  -f run close-stdin < /dev/null 2> tests/userprog/close-stdin.errors > tests/userprog/close-stdin.output
perl -I../.. ../../tests/userprog/close-stdin.ck tests/userprog/close-stdin tests/userprog/close-stdin.result
pass tests/userprog/close-stdin
gcc -m32 -c ../../tests/userprog/close-stdout.c -o tests/userprog/close-stdout.o -g -msoft-float -O -fno-stack-protector -nostdinc -I../.. -I../../lib -I../../lib/user -I. -Wall -W -Wstrict-prototypes -Wmissing-prototypes -Wsystem-headers  -MMD -MF tests/userprog/close-stdout.d
gcc -m32  -Wl,--build-id=none -nostdlib -static -Wl,-T,../../lib/user/user.lds tests/userprog/close-stdout.o tests/main.o tests/lib.o lib/user/entry.o libc.a -o tests/userprog/close-stdout
pintos -v -k -T 60 --qemu  --filesys-size=2 -p tests/userprog/close-stdout -a close-stdout -- -q  -f run close-stdout < /dev/null 2> tests/userprog/close-stdout.errors > tests/userprog/close-stdout.output
perl -I../.. ../../tests/userprog/close-stdout.ck tests/userprog/close-stdout tests/userprog/close-stdout.result
pass tests/userprog/close-stdout
gcc -m32 -c ../../tests/userprog/close-bad-fd.c -o tests/userprog/close-bad-fd.o -g -msoft-float -O -fno-stack-protector -nostdinc -I../.. -I../../lib -I../../lib/user -I. -Wall -W -Wstrict-prototypes -Wmissing-prototypes -Wsystem-headers  -MMD -MF tests/userprog/close-bad-fd.d
gcc -m32  -Wl,--build-id=none -nostdlib -static -Wl,-T,../../lib/user/user.lds tests/userprog/close-bad-fd.o tests/main.o tests/lib.o lib/user/entry.o libc.a -o tests/userprog/close-bad-fd
pintos -v -k -T 60 --qemu  --filesys-size=2 -p tests/userprog/close-bad-fd -a close-bad-fd -- -q  -f run close-bad-fd < /dev/null 2> tests/userprog/close-bad-fd.errors > tests/userprog/close-bad-fd.output
perl -I../.. ../../tests/userprog/close-bad-fd.ck tests/userprog/close-bad-fd tests/userprog/close-bad-fd.result
pass tests/userprog/close-bad-fd
gcc -m32 -c ../../tests/userprog/read-normal.c -o tests/userprog/read-normal.o -g -msoft-float -O -fno-stack-protector -nostdinc -I../.. -I../../lib -I../../lib/user -I. -Wall -W -Wstrict-prototypes -Wmissing-prototypes -Wsystem-headers  -MMD -MF tests/userprog/read-normal.d
gcc -m32  -Wl,--build-id=none -nostdlib -static -Wl,-T,../../lib/user/user.lds tests/userprog/read-normal.o tests/main.o tests/lib.o lib/user/entry.o libc.a -o tests/userprog/read-normal
pintos -v -k -T 60 --qemu  --filesys-size=2 -p tests/userprog/read-normal -a read-normal -p ../../tests/userprog/sample.txt -a sample.txt -- -q  -f run read-normal < /dev/null 2> tests/userprog/read-normal.errors > tests/userprog/read-normal.output
perl -I../.. ../../tests/userprog/read-normal.ck tests/userprog/read-normal tests/userprog/read-normal.result
FAIL tests/userprog/read-normal
run: open "sample.txt" for verification: FAILED
gcc -m32 -c ../../tests/userprog/read-bad-ptr.c -o tests/userprog/read-bad-ptr.o -g -msoft-float -O -fno-stack-protector -nostdinc -I../.. -I../../lib -I../../lib/user -I. -Wall -W -Wstrict-prototypes -Wmissing-prototypes -Wsystem-headers  -MMD -MF tests/userprog/read-bad-ptr.d
gcc -m32  -Wl,--build-id=none -nostdlib -static -Wl,-T,../../lib/user/user.lds tests/userprog/read-bad-ptr.o tests/main.o tests/lib.o lib/user/entry.o libc.a -o tests/userprog/read-bad-ptr
pintos -v -k -T 60 --qemu  --filesys-size=2 -p tests/userprog/read-bad-ptr -a read-bad-ptr -p ../../tests/userprog/sample.txt -a sample.txt -- -q  -f run read-bad-ptr < /dev/null 2> tests/userprog/read-bad-ptr.errors > tests/userprog/read-bad-ptr.output
perl -I../.. ../../tests/userprog/read-bad-ptr.ck tests/userprog/read-bad-ptr tests/userprog/read-bad-ptr.result
FAIL tests/userprog/read-bad-ptr
run: open "sample.txt": FAILED
gcc -m32 -c ../../tests/userprog/read-boundary.c -o tests/userprog/read-boundary.o -g -msoft-float -O -fno-stack-protector -nostdinc -I../.. -I../../lib -I../../lib/user -I. -Wall -W -Wstrict-prototypes -Wmissing-prototypes -Wsystem-headers  -MMD -MF tests/userprog/read-boundary.d
gcc -m32  -Wl,--build-id=none -nostdlib -static -Wl,-T,../../lib/user/user.lds tests/userprog/read-boundary.o tests/userprog/boundary.o tests/main.o tests/lib.o lib/user/entry.o libc.a -o tests/userprog/read-boundary
pintos -v -k -T 60 --qemu  --filesys-size=2 -p tests/userprog/read-boundary -a read-boundary -p ../../tests/userprog/sample.txt -a sample.txt -- -q  -f run read-boundary < /dev/null 2> tests/userprog/read-boundary.errors > tests/userprog/read-boundary.output
perl -I../.. ../../tests/userprog/read-boundary.ck tests/userprog/read-boundary tests/userprog/read-boundary.result
FAIL tests/userprog/read-boundary
run: open "sample.txt": FAILED
gcc -m32 -c ../../tests/userprog/read-zero.c -o tests/userprog/read-zero.o -g -msoft-float -O -fno-stack-protector -nostdinc -I../.. -I../../lib -I../../lib/user -I. -Wall -W -Wstrict-prototypes -Wmissing-prototypes -Wsystem-headers  -MMD -MF tests/userprog/read-zero.d
gcc -m32  -Wl,--build-id=none -nostdlib -static -Wl,-T,../../lib/user/user.lds tests/userprog/read-zero.o tests/main.o tests/lib.o lib/user/entry.o libc.a -o tests/userprog/read-zero
pintos -v -k -T 60 --qemu  --filesys-size=2 -p tests/userprog/read-zero -a read-zero -p ../../tests/userprog/sample.txt -a sample.txt -- -q  -f run read-zero < /dev/null 2> tests/userprog/read-zero.errors > tests/userprog/read-zero.output
perl -I../.. ../../tests/userprog/read-zero.ck tests/userprog/read-zero tests/userprog/read-zero.result
FAIL tests/userprog/read-zero
run: open "sample.txt": FAILED
gcc -m32 -c ../../tests/userprog/read-stdout.c -o tests/userprog/read-stdout.o -g -msoft-float -O -fno-stack-protector -nostdinc -I../.. -I../../lib -I../../lib/user -I. -Wall -W -Wstrict-prototypes -Wmissing-prototypes -Wsystem-headers  -MMD -MF tests/userprog/read-stdout.d
gcc -m32  -Wl,--build-id=none -nostdlib -static -Wl,-T,../../lib/user/user.lds tests/userprog/read-stdout.o tests/main.o tests/lib.o lib/user/entry.o libc.a -o tests/userprog/read-stdout
pintos -v -k -T 60 --qemu  --filesys-size=2 -p tests/userprog/read-stdout -a read-stdout -- -q  -f run read-stdout < /dev/null 2> tests/userprog/read-stdout.errors > tests/userprog/read-stdout.output
perl -I../.. ../../tests/userprog/read-stdout.ck tests/userprog/read-stdout tests/userprog/read-stdout.result
pass tests/userprog/read-stdout
gcc -m32 -c ../../tests/userprog/read-bad-fd.c -o tests/userprog/read-bad-fd.o -g -msoft-float -O -fno-stack-protector -nostdinc -I../.. -I../../lib -I../../lib/user -I. -Wall -W -Wstrict-prototypes -Wmissing-prototypes -Wsystem-headers  -MMD -MF tests/userprog/read-bad-fd.d
gcc -m32  -Wl,--build-id=none -nostdlib -static -Wl,-T,../../lib/user/user.lds tests/userprog/read-bad-fd.o tests/main.o tests/lib.o lib/user/entry.o libc.a -o tests/userprog/read-bad-fd
pintos -v -k -T 60 --qemu  --filesys-size=2 -p tests/userprog/read-bad-fd -a read-bad-fd -- -q  -f run read-bad-fd < /dev/null 2> tests/userprog/read-bad-fd.errors > tests/userprog/read-bad-fd.output
perl -I../.. ../../tests/userprog/read-bad-fd.ck tests/userprog/read-bad-fd tests/userprog/read-bad-fd.result
pass tests/userprog/read-bad-fd
gcc -m32 -c ../../tests/userprog/write-normal.c -o tests/userprog/write-normal.o -g -msoft-float -O -fno-stack-protector -nostdinc -I../.. -I../../lib -I../../lib/user -I. -Wall -W -Wstrict-prototypes -Wmissing-prototypes -Wsystem-headers  -MMD -MF tests/userprog/write-normal.d
gcc -m32  -Wl,--build-id=none -nostdlib -static -Wl,-T,../../lib/user/user.lds tests/userprog/write-normal.o tests/main.o tests/lib.o lib/user/entry.o libc.a -o tests/userprog/write-normal
pintos -v -k -T 60 --qemu  --filesys-size=2 -p tests/userprog/write-normal -a write-normal -p ../../tests/userprog/sample.txt -a sample.txt -- -q  -f run write-normal < /dev/null 2> tests/userprog/write-normal.errors > tests/userprog/write-normal.output
perl -I../.. ../../tests/userprog/write-normal.ck tests/userprog/write-normal tests/userprog/write-normal.result
FAIL tests/userprog/write-normal
run: open "test.txt": FAILED
gcc -m32 -c ../../tests/userprog/write-bad-ptr.c -o tests/userprog/write-bad-ptr.o -g -msoft-float -O -fno-stack-protector -nostdinc -I../.. -I../../lib -I../../lib/user -I. -Wall -W -Wstrict-prototypes -Wmissing-prototypes -Wsystem-headers  -MMD -MF tests/userprog/write-bad-ptr.d
gcc -m32  -Wl,--build-id=none -nostdlib -static -Wl,-T,../../lib/user/user.lds tests/userprog/write-bad-ptr.o tests/main.o tests/lib.o lib/user/entry.o libc.a -o tests/userprog/write-bad-ptr
pintos -v -k -T 60 --qemu  --filesys-size=2 -p tests/userprog/write-bad-ptr -a write-bad-ptr -p ../../tests/userprog/sample.txt -a sample.txt -- -q  -f run write-bad-ptr < /dev/null 2> tests/userprog/write-bad-ptr.errors > tests/userprog/write-bad-ptr.output
perl -I../.. ../../tests/userprog/write-bad-ptr.ck tests/userprog/write-bad-ptr tests/userprog/write-bad-ptr.result
FAIL tests/userprog/write-bad-ptr
run: open "sample.txt": FAILED
gcc -m32 -c ../../tests/userprog/write-boundary.c -o tests/userprog/write-boundary.o -g -msoft-float -O -fno-stack-protector -nostdinc -I../.. -I../../lib -I../../lib/user -I. -Wall -W -Wstrict-prototypes -Wmissing-prototypes -Wsystem-headers  -MMD -MF tests/userprog/write-boundary.d
gcc -m32  -Wl,--build-id=none -nostdlib -static -Wl,-T,../../lib/user/user.lds tests/userprog/write-boundary.o tests/userprog/boundary.o tests/main.o tests/lib.o lib/user/entry.o libc.a -o tests/userprog/write-boundary
pintos -v -k -T 60 --qemu  --filesys-size=2 -p tests/userprog/write-boundary -a write-boundary -p ../../tests/userprog/sample.txt -a sample.txt -- -q  -f run write-boundary < /dev/null 2> tests/userprog/write-boundary.errors > tests/userprog/write-boundary.output
perl -I../.. ../../tests/userprog/write-boundary.ck tests/userprog/write-boundary tests/userprog/write-boundary.result
FAIL tests/userprog/write-boundary
run: open "sample.txt": FAILED
gcc -m32 -c ../../tests/userprog/write-zero.c -o tests/userprog/write-zero.o -g -msoft-float -O -fno-stack-protector -nostdinc -I../.. -I../../lib -I../../lib/user -I. -Wall -W -Wstrict-prototypes -Wmissing-prototypes -Wsystem-headers  -MMD -MF tests/userprog/write-zero.d
gcc -m32  -Wl,--build-id=none -nostdlib -static -Wl,-T,../../lib/user/user.lds tests/userprog/write-zero.o tests/main.o tests/lib.o lib/user/entry.o libc.a -o tests/userprog/write-zero
pintos -v -k -T 60 --qemu  --filesys-size=2 -p tests/userprog/write-zero -a write-zero -p ../../tests/userprog/sample.txt -a sample.txt -- -q  -f run write-zero < /dev/null 2> tests/userprog/write-zero.errors > tests/userprog/write-zero.output
perl -I../.. ../../tests/userprog/write-zero.ck tests/userprog/write-zero tests/userprog/write-zero.result
FAIL tests/userprog/write-zero
run: open "sample.txt": FAILED
gcc -m32 -c ../../tests/userprog/write-stdin.c -o tests/userprog/write-stdin.o -g -msoft-float -O -fno-stack-protector -nostdinc -I../.. -I../../lib -I../../lib/user -I. -Wall -W -Wstrict-prototypes -Wmissing-prototypes -Wsystem-headers  -MMD -MF tests/userprog/write-stdin.d
gcc -m32  -Wl,--build-id=none -nostdlib -static -Wl,-T,../../lib/user/user.lds tests/userprog/write-stdin.o tests/main.o tests/lib.o lib/user/entry.o libc.a -o tests/userprog/write-stdin
pintos -v -k -T 60 --qemu  --filesys-size=2 -p tests/userprog/write-stdin -a write-stdin -- -q  -f run write-stdin < /dev/null 2> tests/userprog/write-stdin.errors > tests/userprog/write-stdin.output
perl -I../.. ../../tests/userprog/write-stdin.ck tests/userprog/write-stdin tests/userprog/write-stdin.result
pass tests/userprog/write-stdin
gcc -m32 -c ../../tests/userprog/write-bad-fd.c -o tests/userprog/write-bad-fd.o -g -msoft-float -O -fno-stack-protector -nostdinc -I../.. -I../../lib -I../../lib/user -I. -Wall -W -Wstrict-prototypes -Wmissing-prototypes -Wsystem-headers  -MMD -MF tests/userprog/write-bad-fd.d
gcc -m32  -Wl,--build-id=none -nostdlib -static -Wl,-T,../../lib/user/user.lds tests/userprog/write-bad-fd.o tests/main.o tests/lib.o lib/user/entry.o libc.a -o tests/userprog/write-bad-fd
pintos -v -k -T 60 --qemu  --filesys-size=2 -p tests/userprog/write-bad-fd -a write-bad-fd -- -q  -f run write-bad-fd < /dev/null 2> tests/userprog/write-bad-fd.errors > tests/userprog/write-bad-fd.output
perl -I../.. ../../tests/userprog/write-bad-fd.ck tests/userprog/write-bad-fd tests/userprog/write-bad-fd.result
pass tests/userprog/write-bad-fd
gcc -m32 -c ../../tests/userprog/exec-once.c -o tests/userprog/exec-once.o -g -msoft-float -O -fno-stack-protector -nostdinc -I../.. -I../../lib -I../../lib/user -I. -Wall -W -Wstrict-prototypes -Wmissing-prototypes -Wsystem-headers  -MMD -MF tests/userprog/exec-once.d
gcc -m32  -Wl,--build-id=none -nostdlib -static -Wl,-T,../../lib/user/user.lds tests/userprog/exec-once.o tests/main.o tests/lib.o lib/user/entry.o libc.a -o tests/userprog/exec-once
gcc -m32 -c ../../tests/userprog/child-simple.c -o tests/userprog/child-simple.o -g -msoft-float -O -fno-stack-protector -nostdinc -I../.. -I../../lib -I../../lib/user -I. -Wall -W -Wstrict-prototypes -Wmissing-prototypes -Wsystem-headers  -MMD -MF tests/userprog/child-simple.d
gcc -m32  -Wl,--build-id=none -nostdlib -static -Wl,-T,../../lib/user/user.lds tests/userprog/child-simple.o tests/lib.o lib/user/entry.o libc.a -o tests/userprog/child-simple
pintos -v -k -T 60 --qemu  --filesys-size=2 -p tests/userprog/exec-once -a exec-once -p tests/userprog/child-simple -a child-simple -- -q  -f run exec-once < /dev/null 2> tests/userprog/exec-once.errors > tests/userprog/exec-once.output
perl -I../.. ../../tests/userprog/exec-once.ck tests/userprog/exec-once tests/userprog/exec-once.result
FAIL tests/userprog/exec-once
run: TIMEOUT after 124 seconds of wall-clock time - load average: 1.22, 1.12, 0.77
gcc -m32 -c ../../tests/userprog/exec-arg.c -o tests/userprog/exec-arg.o -g -msoft-float -O -fno-stack-protector -nostdinc -I../.. -I../../lib -I../../lib/user -I. -Wall -W -Wstrict-prototypes -Wmissing-prototypes -Wsystem-headers  -MMD -MF tests/userprog/exec-arg.d
gcc -m32  -Wl,--build-id=none -nostdlib -static -Wl,-T,../../lib/user/user.lds tests/userprog/exec-arg.o tests/main.o tests/lib.o lib/user/entry.o libc.a -o tests/userprog/exec-arg
gcc -m32  -Wl,--build-id=none -nostdlib -static -Wl,-T,../../lib/user/user.lds tests/userprog/args.o tests/lib.o lib/user/entry.o libc.a -o tests/userprog/child-args
pintos -v -k -T 60 --qemu  --filesys-size=2 -p tests/userprog/exec-arg -a exec-arg -p tests/userprog/child-args -a child-args -- -q  -f run exec-arg < /dev/null 2> tests/userprog/exec-arg.errors > tests/userprog/exec-arg.output
perl -I../.. ../../tests/userprog/exec-arg.ck tests/userprog/exec-arg tests/userprog/exec-arg.result
FAIL tests/userprog/exec-arg
Kernel panic in run: PANIC at ../../userprog/exception.c:101 in kill(): Kernel bug - unexpected interrupt in kernel
Call stack: 0xc00277b6 0xc0026d13
Translation of call stack:
0xc00277b6: debug_panic (.../../lib/kernel/debug.c:38)
0xc0026d13: strtok_r (...ld/../../lib/string.c:269)
gcc -m32 -c ../../tests/userprog/exec-multiple.c -o tests/userprog/exec-multiple.o -g -msoft-float -O -fno-stack-protector -nostdinc -I../.. -I../../lib -I../../lib/user -I. -Wall -W -Wstrict-prototypes -Wmissing-prototypes -Wsystem-headers  -MMD -MF tests/userprog/exec-multiple.d
gcc -m32  -Wl,--build-id=none -nostdlib -static -Wl,-T,../../lib/user/user.lds tests/userprog/exec-multiple.o tests/main.o tests/lib.o lib/user/entry.o libc.a -o tests/userprog/exec-multiple
pintos -v -k -T 60 --qemu  --filesys-size=2 -p tests/userprog/exec-multiple -a exec-multiple -p tests/userprog/child-simple -a child-simple -- -q  -f run exec-multiple < /dev/null 2> tests/userprog/exec-multiple.errors > tests/userprog/exec-multiple.output
perl -I../.. ../../tests/userprog/exec-multiple.ck tests/userprog/exec-multiple tests/userprog/exec-multiple.result
FAIL tests/userprog/exec-multiple
run: TIMEOUT after 74 seconds of wall-clock time - load average: 1.19, 1.14, 0.80
gcc -m32 -c ../../tests/userprog/exec-missing.c -o tests/userprog/exec-missing.o -g -msoft-float -O -fno-stack-protector -nostdinc -I../.. -I../../lib -I../../lib/user -I. -Wall -W -Wstrict-prototypes -Wmissing-prototypes -Wsystem-headers  -MMD -MF tests/userprog/exec-missing.d
gcc -m32  -Wl,--build-id=none -nostdlib -static -Wl,-T,../../lib/user/user.lds tests/userprog/exec-missing.o tests/main.o tests/lib.o lib/user/entry.o libc.a -o tests/userprog/exec-missing
pintos -v -k -T 60 --qemu  --filesys-size=2 -p tests/userprog/exec-missing -a exec-missing -- -q  -f run exec-missing < /dev/null 2> tests/userprog/exec-missing.errors > tests/userprog/exec-missing.output
perl -I../.. ../../tests/userprog/exec-missing.ck tests/userprog/exec-missing tests/userprog/exec-missing.result
FAIL tests/userprog/exec-missing
Kernel panic in run: PANIC at ../../userprog/exception.c:101 in kill(): Kernel bug - unexpected interrupt in kernel
Call stack: 0xc00277b6
Translation of call stack:
0xc00277b6: debug_panic (.../../lib/kernel/debug.c:38)
gcc -m32 -c ../../tests/userprog/exec-bad-ptr.c -o tests/userprog/exec-bad-ptr.o -g -msoft-float -O -fno-stack-protector -nostdinc -I../.. -I../../lib -I../../lib/user -I. -Wall -W -Wstrict-prototypes -Wmissing-prototypes -Wsystem-headers  -MMD -MF tests/userprog/exec-bad-ptr.d
gcc -m32  -Wl,--build-id=none -nostdlib -static -Wl,-T,../../lib/user/user.lds tests/userprog/exec-bad-ptr.o tests/main.o tests/lib.o lib/user/entry.o libc.a -o tests/userprog/exec-bad-ptr
pintos -v -k -T 60 --qemu  --filesys-size=2 -p tests/userprog/exec-bad-ptr -a exec-bad-ptr -- -q  -f run exec-bad-ptr < /dev/null 2> tests/userprog/exec-bad-ptr.errors > tests/userprog/exec-bad-ptr.output
perl -I../.. ../../tests/userprog/exec-bad-ptr.ck tests/userprog/exec-bad-ptr tests/userprog/exec-bad-ptr.result
pass tests/userprog/exec-bad-ptr
gcc -m32 -c ../../tests/userprog/wait-simple.c -o tests/userprog/wait-simple.o -g -msoft-float -O -fno-stack-protector -nostdinc -I../.. -I../../lib -I../../lib/user -I. -Wall -W -Wstrict-prototypes -Wmissing-prototypes -Wsystem-headers  -MMD -MF tests/userprog/wait-simple.d
gcc -m32  -Wl,--build-id=none -nostdlib -static -Wl,-T,../../lib/user/user.lds tests/userprog/wait-simple.o tests/main.o tests/lib.o lib/user/entry.o libc.a -o tests/userprog/wait-simple
pintos -v -k -T 60 --qemu  --filesys-size=2 -p tests/userprog/wait-simple -a wait-simple -p tests/userprog/child-simple -a child-simple -- -q  -f run wait-simple < /dev/null 2> tests/userprog/wait-simple.errors > tests/userprog/wait-simple.output
perl -I../.. ../../tests/userprog/wait-simple.ck tests/userprog/wait-simple tests/userprog/wait-simple.result
FAIL tests/userprog/wait-simple
run: TIMEOUT after 80 seconds of wall-clock time - load average: 1.45, 1.26, 0.87
gcc -m32 -c ../../tests/userprog/wait-twice.c -o tests/userprog/wait-twice.o -g -msoft-float -O -fno-stack-protector -nostdinc -I../.. -I../../lib -I../../lib/user -I. -Wall -W -Wstrict-prototypes -Wmissing-prototypes -Wsystem-headers  -MMD -MF tests/userprog/wait-twice.d
gcc -m32  -Wl,--build-id=none -nostdlib -static -Wl,-T,../../lib/user/user.lds tests/userprog/wait-twice.o tests/main.o tests/lib.o lib/user/entry.o libc.a -o tests/userprog/wait-twice
pintos -v -k -T 60 --qemu  --filesys-size=2 -p tests/userprog/wait-twice -a wait-twice -p tests/userprog/child-simple -a child-simple -- -q  -f run wait-twice < /dev/null 2> tests/userprog/wait-twice.errors > tests/userprog/wait-twice.output
perl -I../.. ../../tests/userprog/wait-twice.ck tests/userprog/wait-twice tests/userprog/wait-twice.result
FAIL tests/userprog/wait-twice
run: TIMEOUT after 88 seconds of wall-clock time - load average: 2.03, 1.45, 0.97
gcc -m32 -c ../../tests/userprog/wait-killed.c -o tests/userprog/wait-killed.o -g -msoft-float -O -fno-stack-protector -nostdinc -I../.. -I../../lib -I../../lib/user -I. -Wall -W -Wstrict-prototypes -Wmissing-prototypes -Wsystem-headers  -MMD -MF tests/userprog/wait-killed.d
gcc -m32  -Wl,--build-id=none -nostdlib -static -Wl,-T,../../lib/user/user.lds tests/userprog/wait-killed.o tests/main.o tests/lib.o lib/user/entry.o libc.a -o tests/userprog/wait-killed
gcc -m32 -c ../../tests/userprog/child-bad.c -o tests/userprog/child-bad.o -g -msoft-float -O -fno-stack-protector -nostdinc -I../.. -I../../lib -I../../lib/user -I. -Wall -W -Wstrict-prototypes -Wmissing-prototypes -Wsystem-headers  -MMD -MF tests/userprog/child-bad.d
gcc -m32  -Wl,--build-id=none -nostdlib -static -Wl,-T,../../lib/user/user.lds tests/userprog/child-bad.o tests/main.o tests/lib.o lib/user/entry.o libc.a -o tests/userprog/child-bad
pintos -v -k -T 60 --qemu  --filesys-size=2 -p tests/userprog/wait-killed -a wait-killed -p tests/userprog/child-bad -a child-bad -- -q  -f run wait-killed < /dev/null 2> tests/userprog/wait-killed.errors > tests/userprog/wait-killed.output
perl -I../.. ../../tests/userprog/wait-killed.ck tests/userprog/wait-killed tests/userprog/wait-killed.result
FAIL tests/userprog/wait-killed
Kernel panic in run: PANIC at ../../userprog/exception.c:101 in kill(): Kernel bug - unexpected interrupt in kernel
Call stack: 0xc00277b6 0xc002abad 0x804809e
Translation of call stack:
In kernel.o:
0xc00277b6: debug_panic (.../../lib/kernel/debug.c:38)
0xc002abad: syscall_handler (.../../userprog/syscall.c:94)
In tests/userprog/wait-killed:
0x0804809e: test_main (...userprog/wait-killed.c:10)
Translations of user virtual addresses above are based on a guess at
the binary to use.  If this guess is incorrect, then those
translations will be misleading.
gcc -m32 -c ../../tests/userprog/wait-bad-pid.c -o tests/userprog/wait-bad-pid.o -g -msoft-float -O -fno-stack-protector -nostdinc -I../.. -I../../lib -I../../lib/user -I. -Wall -W -Wstrict-prototypes -Wmissing-prototypes -Wsystem-headers  -MMD -MF tests/userprog/wait-bad-pid.d
gcc -m32  -Wl,--build-id=none -nostdlib -static -Wl,-T,../../lib/user/user.lds tests/userprog/wait-bad-pid.o tests/main.o tests/lib.o lib/user/entry.o libc.a -o tests/userprog/wait-bad-pid
pintos -v -k -T 60 --qemu  --filesys-size=2 -p tests/userprog/wait-bad-pid -a wait-bad-pid -- -q  -f run wait-bad-pid < /dev/null 2> tests/userprog/wait-bad-pid.errors > tests/userprog/wait-bad-pid.output
perl -I../.. ../../tests/userprog/wait-bad-pid.ck tests/userprog/wait-bad-pid tests/userprog/wait-bad-pid.result
pass tests/userprog/wait-bad-pid
gcc -m32 -c ../../tests/userprog/multi-recurse.c -o tests/userprog/multi-recurse.o -g -msoft-float -O -fno-stack-protector -nostdinc -I../.. -I../../lib -I../../lib/user -I. -Wall -W -Wstrict-prototypes -Wmissing-prototypes -Wsystem-headers  -MMD -MF tests/userprog/multi-recurse.d
gcc -m32  -Wl,--build-id=none -nostdlib -static -Wl,-T,../../lib/user/user.lds tests/userprog/multi-recurse.o tests/lib.o lib/user/entry.o libc.a -o tests/userprog/multi-recurse
pintos -v -k -T 60 --qemu  --filesys-size=2 -p tests/userprog/multi-recurse -a multi-recurse -- -q  -f run 'multi-recurse 15' < /dev/null 2> tests/userprog/multi-recurse.errors > tests/userprog/multi-recurse.output
perl -I../.. ../../tests/userprog/multi-recurse.ck tests/userprog/multi-recurse tests/userprog/multi-recurse.result
FAIL tests/userprog/multi-recurse
run: TIMEOUT after 131 seconds of wall-clock time - load average: 2.09, 1.65, 1.11
gcc -m32 -c ../../tests/userprog/multi-child-fd.c -o tests/userprog/multi-child-fd.o -g -msoft-float -O -fno-stack-protector -nostdinc -I../.. -I../../lib -I../../lib/user -I. -Wall -W -Wstrict-prototypes -Wmissing-prototypes -Wsystem-headers  -MMD -MF tests/userprog/multi-child-fd.d
gcc -m32  -Wl,--build-id=none -nostdlib -static -Wl,-T,../../lib/user/user.lds tests/userprog/multi-child-fd.o tests/main.o tests/lib.o lib/user/entry.o libc.a -o tests/userprog/multi-child-fd
gcc -m32 -c ../../tests/userprog/child-close.c -o tests/userprog/child-close.o -g -msoft-float -O -fno-stack-protector -nostdinc -I../.. -I../../lib -I../../lib/user -I. -Wall -W -Wstrict-prototypes -Wmissing-prototypes -Wsystem-headers  -MMD -MF tests/userprog/child-close.d
gcc -m32  -Wl,--build-id=none -nostdlib -static -Wl,-T,../../lib/user/user.lds tests/userprog/child-close.o tests/lib.o lib/user/entry.o libc.a -o tests/userprog/child-close
pintos -v -k -T 60 --qemu  --filesys-size=2 -p tests/userprog/multi-child-fd -a multi-child-fd -p ../../tests/userprog/sample.txt -a sample.txt -p tests/userprog/child-close -a child-close -- -q  -f run multi-child-fd < /dev/null 2> tests/userprog/multi-child-fd.errors > tests/userprog/multi-child-fd.output
perl -I../.. ../../tests/userprog/multi-child-fd.ck tests/userprog/multi-child-fd tests/userprog/multi-child-fd.result
FAIL tests/userprog/multi-child-fd
run: open "sample.txt": FAILED
gcc -m32 -c ../../tests/userprog/rox-simple.c -o tests/userprog/rox-simple.o -g -msoft-float -O -fno-stack-protector -nostdinc -I../.. -I../../lib -I../../lib/user -I. -Wall -W -Wstrict-prototypes -Wmissing-prototypes -Wsystem-headers  -MMD -MF tests/userprog/rox-simple.d
gcc -m32  -Wl,--build-id=none -nostdlib -static -Wl,-T,../../lib/user/user.lds tests/userprog/rox-simple.o tests/main.o tests/lib.o lib/user/entry.o libc.a -o tests/userprog/rox-simple
pintos -v -k -T 60 --qemu  --filesys-size=2 -p tests/userprog/rox-simple -a rox-simple -- -q  -f run rox-simple < /dev/null 2> tests/userprog/rox-simple.errors > tests/userprog/rox-simple.output
perl -I../.. ../../tests/userprog/rox-simple.ck tests/userprog/rox-simple tests/userprog/rox-simple.result
FAIL tests/userprog/rox-simple
run: open "rox-simple": FAILED
gcc -m32 -c ../../tests/userprog/rox-child.c -o tests/userprog/rox-child.o -g -msoft-float -O -fno-stack-protector -nostdinc -I../.. -I../../lib -I../../lib/user -I. -Wall -W -Wstrict-prototypes -Wmissing-prototypes -Wsystem-headers  -MMD -MF tests/userprog/rox-child.d
gcc -m32  -Wl,--build-id=none -nostdlib -static -Wl,-T,../../lib/user/user.lds tests/userprog/rox-child.o tests/main.o tests/lib.o lib/user/entry.o libc.a -o tests/userprog/rox-child
gcc -m32 -c ../../tests/userprog/child-rox.c -o tests/userprog/child-rox.o -g -msoft-float -O -fno-stack-protector -nostdinc -I../.. -I../../lib -I../../lib/user -I. -Wall -W -Wstrict-prototypes -Wmissing-prototypes -Wsystem-headers  -MMD -MF tests/userprog/child-rox.d
gcc -m32  -Wl,--build-id=none -nostdlib -static -Wl,-T,../../lib/user/user.lds tests/userprog/child-rox.o tests/lib.o lib/user/entry.o libc.a -o tests/userprog/child-rox
pintos -v -k -T 60 --qemu  --filesys-size=2 -p tests/userprog/rox-child -a rox-child -p tests/userprog/child-rox -a child-rox -- -q  -f run rox-child < /dev/null 2> tests/userprog/rox-child.errors > tests/userprog/rox-child.output
perl -I../.. ../../tests/userprog/rox-child.ck tests/userprog/rox-child tests/userprog/rox-child.result
FAIL tests/userprog/rox-child
run: open "child-rox": FAILED
gcc -m32 -c ../../tests/userprog/rox-multichild.c -o tests/userprog/rox-multichild.o -g -msoft-float -O -fno-stack-protector -nostdinc -I../.. -I../../lib -I../../lib/user -I. -Wall -W -Wstrict-prototypes -Wmissing-prototypes -Wsystem-headers  -MMD -MF tests/userprog/rox-multichild.d
gcc -m32  -Wl,--build-id=none -nostdlib -static -Wl,-T,../../lib/user/user.lds tests/userprog/rox-multichild.o tests/main.o tests/lib.o lib/user/entry.o libc.a -o tests/userprog/rox-multichild
pintos -v -k -T 60 --qemu  --filesys-size=2 -p tests/userprog/rox-multichild -a rox-multichild -p tests/userprog/child-rox -a child-rox -- -q  -f run rox-multichild < /dev/null 2> tests/userprog/rox-multichild.errors > tests/userprog/rox-multichild.output
perl -I../.. ../../tests/userprog/rox-multichild.ck tests/userprog/rox-multichild tests/userprog/rox-multichild.result
FAIL tests/userprog/rox-multichild
run: open "child-rox": FAILED
gcc -m32 -c ../../tests/userprog/bad-read.c -o tests/userprog/bad-read.o -g -msoft-float -O -fno-stack-protector -nostdinc -I../.. -I../../lib -I../../lib/user -I. -Wall -W -Wstrict-prototypes -Wmissing-prototypes -Wsystem-headers  -MMD -MF tests/userprog/bad-read.d
gcc -m32  -Wl,--build-id=none -nostdlib -static -Wl,-T,../../lib/user/user.lds tests/userprog/bad-read.o tests/main.o tests/lib.o lib/user/entry.o libc.a -o tests/userprog/bad-read
pintos -v -k -T 60 --qemu  --filesys-size=2 -p tests/userprog/bad-read -a bad-read -- -q  -f run bad-read < /dev/null 2> tests/userprog/bad-read.errors > tests/userprog/bad-read.output
perl -I../.. ../../tests/userprog/bad-read.ck tests/userprog/bad-read tests/userprog/bad-read.result
pass tests/userprog/bad-read
gcc -m32 -c ../../tests/userprog/bad-write.c -o tests/userprog/bad-write.o -g -msoft-float -O -fno-stack-protector -nostdinc -I../.. -I../../lib -I../../lib/user -I. -Wall -W -Wstrict-prototypes -Wmissing-prototypes -Wsystem-headers  -MMD -MF tests/userprog/bad-write.d
gcc -m32  -Wl,--build-id=none -nostdlib -static -Wl,-T,../../lib/user/user.lds tests/userprog/bad-write.o tests/main.o tests/lib.o lib/user/entry.o libc.a -o tests/userprog/bad-write
pintos -v -k -T 60 --qemu  --filesys-size=2 -p tests/userprog/bad-write -a bad-write -- -q  -f run bad-write < /dev/null 2> tests/userprog/bad-write.errors > tests/userprog/bad-write.output
perl -I../.. ../../tests/userprog/bad-write.ck tests/userprog/bad-write tests/userprog/bad-write.result
pass tests/userprog/bad-write
gcc -m32 -c ../../tests/userprog/bad-read2.c -o tests/userprog/bad-read2.o -g -msoft-float -O -fno-stack-protector -nostdinc -I../.. -I../../lib -I../../lib/user -I. -Wall -W -Wstrict-prototypes -Wmissing-prototypes -Wsystem-headers  -MMD -MF tests/userprog/bad-read2.d
gcc -m32  -Wl,--build-id=none -nostdlib -static -Wl,-T,../../lib/user/user.lds tests/userprog/bad-read2.o tests/main.o tests/lib.o lib/user/entry.o libc.a -o tests/userprog/bad-read2
pintos -v -k -T 60 --qemu  --filesys-size=2 -p tests/userprog/bad-read2 -a bad-read2 -- -q  -f run bad-read2 < /dev/null 2> tests/userprog/bad-read2.errors > tests/userprog/bad-read2.output
perl -I../.. ../../tests/userprog/bad-read2.ck tests/userprog/bad-read2 tests/userprog/bad-read2.result
pass tests/userprog/bad-read2
gcc -m32 -c ../../tests/userprog/bad-write2.c -o tests/userprog/bad-write2.o -g -msoft-float -O -fno-stack-protector -nostdinc -I../.. -I../../lib -I../../lib/user -I. -Wall -W -Wstrict-prototypes -Wmissing-prototypes -Wsystem-headers  -MMD -MF tests/userprog/bad-write2.d
gcc -m32  -Wl,--build-id=none -nostdlib -static -Wl,-T,../../lib/user/user.lds tests/userprog/bad-write2.o tests/main.o tests/lib.o lib/user/entry.o libc.a -o tests/userprog/bad-write2
pintos -v -k -T 60 --qemu  --filesys-size=2 -p tests/userprog/bad-write2 -a bad-write2 -- -q  -f run bad-write2 < /dev/null 2> tests/userprog/bad-write2.errors > tests/userprog/bad-write2.output
perl -I../.. ../../tests/userprog/bad-write2.ck tests/userprog/bad-write2 tests/userprog/bad-write2.result
pass tests/userprog/bad-write2
gcc -m32 -c ../../tests/userprog/bad-jump.c -o tests/userprog/bad-jump.o -g -msoft-float -O -fno-stack-protector -nostdinc -I../.. -I../../lib -I../../lib/user -I. -Wall -W -Wstrict-prototypes -Wmissing-prototypes -Wsystem-headers  -MMD -MF tests/userprog/bad-jump.d
gcc -m32  -Wl,--build-id=none -nostdlib -static -Wl,-T,../../lib/user/user.lds tests/userprog/bad-jump.o tests/main.o tests/lib.o lib/user/entry.o libc.a -o tests/userprog/bad-jump
pintos -v -k -T 60 --qemu  --filesys-size=2 -p tests/userprog/bad-jump -a bad-jump -- -q  -f run bad-jump < /dev/null 2> tests/userprog/bad-jump.errors > tests/userprog/bad-jump.output
perl -I../.. ../../tests/userprog/bad-jump.ck tests/userprog/bad-jump tests/userprog/bad-jump.result
pass tests/userprog/bad-jump
gcc -m32 -c ../../tests/userprog/bad-jump2.c -o tests/userprog/bad-jump2.o -g -msoft-float -O -fno-stack-protector -nostdinc -I../.. -I../../lib -I../../lib/user -I. -Wall -W -Wstrict-prototypes -Wmissing-prototypes -Wsystem-headers  -MMD -MF tests/userprog/bad-jump2.d
gcc -m32  -Wl,--build-id=none -nostdlib -static -Wl,-T,../../lib/user/user.lds tests/userprog/bad-jump2.o tests/main.o tests/lib.o lib/user/entry.o libc.a -o tests/userprog/bad-jump2
pintos -v -k -T 60 --qemu  --filesys-size=2 -p tests/userprog/bad-jump2 -a bad-jump2 -- -q  -f run bad-jump2 < /dev/null 2> tests/userprog/bad-jump2.errors > tests/userprog/bad-jump2.output
perl -I../.. ../../tests/userprog/bad-jump2.ck tests/userprog/bad-jump2 tests/userprog/bad-jump2.result
pass tests/userprog/bad-jump2
gcc -m32 -c ../../tests/userprog/no-vm/multi-oom.c -o tests/userprog/no-vm/multi-oom.o -g -msoft-float -O -fno-stack-protector -nostdinc -I../.. -I../../lib -I../../lib/user -I. -Wall -W -Wstrict-prototypes -Wmissing-prototypes -Wsystem-headers  -MMD -MF tests/userprog/no-vm/multi-oom.d
gcc -m32  -Wl,--build-id=none -nostdlib -static -Wl,-T,../../lib/user/user.lds tests/userprog/no-vm/multi-oom.o tests/lib.o lib/user/entry.o libc.a -o tests/userprog/no-vm/multi-oom
pintos -v -k -T 360 --qemu  --filesys-size=2 -p tests/userprog/no-vm/multi-oom -a multi-oom -- -q  -f run multi-oom < /dev/null 2> tests/userprog/no-vm/multi-oom.errors > tests/userprog/no-vm/multi-oom.output
perl -I../.. ../../tests/userprog/no-vm/multi-oom.ck tests/userprog/no-vm/multi-oom tests/userprog/no-vm/multi-oom.result
FAIL tests/userprog/no-vm/multi-oom
Kernel panic in run: PANIC at ../../userprog/exception.c:101 in kill(): Kernel bug - unexpected interrupt in kernel
Call stack: 0xc00277b6
Translation of call stack:
0xc00277b6: debug_panic (.../../lib/kernel/debug.c:38)
gcc -m32 -c ../../tests/filesys/base/lg-create.c -o tests/filesys/base/lg-create.o -g -msoft-float -O -fno-stack-protector -nostdinc -I../.. -I../../lib -I../../lib/user -I. -Wall -W -Wstrict-prototypes -Wmissing-prototypes -Wsystem-headers  -MMD -MF tests/filesys/base/lg-create.d
gcc -m32 -c ../../tests/filesys/seq-test.c -o tests/filesys/seq-test.o -g -msoft-float -O -fno-stack-protector -nostdinc -I../.. -I../../lib -I../../lib/user -I. -Wall -W -Wstrict-prototypes -Wmissing-prototypes -Wsystem-headers  -MMD -MF tests/filesys/seq-test.d
gcc -m32  -Wl,--build-id=none -nostdlib -static -Wl,-T,../../lib/user/user.lds tests/filesys/base/lg-create.o tests/lib.o tests/filesys/seq-test.o tests/main.o lib/user/entry.o libc.a -o tests/filesys/base/lg-create
pintos -v -k -T 60 --qemu  --filesys-size=2 -p tests/filesys/base/lg-create -a lg-create -- -q  -f run lg-create < /dev/null 2> tests/filesys/base/lg-create.errors > tests/filesys/base/lg-create.output
perl -I../.. ../../tests/filesys/base/lg-create.ck tests/filesys/base/lg-create tests/filesys/base/lg-create.result
FAIL tests/filesys/base/lg-create
run: open "blargle" for verification: FAILED
gcc -m32 -c ../../tests/filesys/base/lg-full.c -o tests/filesys/base/lg-full.o -g -msoft-float -O -fno-stack-protector -nostdinc -I../.. -I../../lib -I../../lib/user -I. -Wall -W -Wstrict-prototypes -Wmissing-prototypes -Wsystem-headers  -MMD -MF tests/filesys/base/lg-full.d
gcc -m32  -Wl,--build-id=none -nostdlib -static -Wl,-T,../../lib/user/user.lds tests/filesys/base/lg-full.o tests/lib.o tests/filesys/seq-test.o tests/main.o lib/user/entry.o libc.a -o tests/filesys/base/lg-full
pintos -v -k -T 60 --qemu  --filesys-size=2 -p tests/filesys/base/lg-full -a lg-full -- -q  -f run lg-full < /dev/null 2> tests/filesys/base/lg-full.errors > tests/filesys/base/lg-full.output
perl -I../.. ../../tests/filesys/base/lg-full.ck tests/filesys/base/lg-full tests/filesys/base/lg-full.result
FAIL tests/filesys/base/lg-full
run: open "quux": FAILED
gcc -m32 -c ../../tests/filesys/base/lg-random.c -o tests/filesys/base/lg-random.o -g -msoft-float -O -fno-stack-protector -nostdinc -I../.. -I../../lib -I../../lib/user -I. -Wall -W -Wstrict-prototypes -Wmissing-prototypes -Wsystem-headers  -MMD -MF tests/filesys/base/lg-random.d
gcc -m32  -Wl,--build-id=none -nostdlib -static -Wl,-T,../../lib/user/user.lds tests/filesys/base/lg-random.o tests/lib.o tests/filesys/seq-test.o tests/main.o lib/user/entry.o libc.a -o tests/filesys/base/lg-random
pintos -v -k -T 60 --qemu  --filesys-size=2 -p tests/filesys/base/lg-random -a lg-random -- -q  -f run lg-random < /dev/null 2> tests/filesys/base/lg-random.errors > tests/filesys/base/lg-random.output
perl -I../.. ../../tests/filesys/base/lg-random.ck tests/filesys/base/lg-random tests/filesys/base/lg-random.result
FAIL tests/filesys/base/lg-random
run: open "bazzle": FAILED
gcc -m32 -c ../../tests/filesys/base/lg-seq-block.c -o tests/filesys/base/lg-seq-block.o -g -msoft-float -O -fno-stack-protector -nostdinc -I../.. -I../../lib -I../../lib/user -I. -Wall -W -Wstrict-prototypes -Wmissing-prototypes -Wsystem-headers  -MMD -MF tests/filesys/base/lg-seq-block.d
gcc -m32  -Wl,--build-id=none -nostdlib -static -Wl,-T,../../lib/user/user.lds tests/filesys/base/lg-seq-block.o tests/lib.o tests/filesys/seq-test.o tests/main.o lib/user/entry.o libc.a -o tests/filesys/base/lg-seq-block
pintos -v -k -T 60 --qemu  --filesys-size=2 -p tests/filesys/base/lg-seq-block -a lg-seq-block -- -q  -f run lg-seq-block < /dev/null 2> tests/filesys/base/lg-seq-block.errors > tests/filesys/base/lg-seq-block.output
perl -I../.. ../../tests/filesys/base/lg-seq-block.ck tests/filesys/base/lg-seq-block tests/filesys/base/lg-seq-block.result
FAIL tests/filesys/base/lg-seq-block
run: open "noodle": FAILED
gcc -m32 -c ../../tests/filesys/base/lg-seq-random.c -o tests/filesys/base/lg-seq-random.o -g -msoft-float -O -fno-stack-protector -nostdinc -I../.. -I../../lib -I../../lib/user -I. -Wall -W -Wstrict-prototypes -Wmissing-prototypes -Wsystem-headers  -MMD -MF tests/filesys/base/lg-seq-random.d
gcc -m32  -Wl,--build-id=none -nostdlib -static -Wl,-T,../../lib/user/user.lds tests/filesys/base/lg-seq-random.o tests/lib.o tests/filesys/seq-test.o tests/main.o lib/user/entry.o libc.a -o tests/filesys/base/lg-seq-random
pintos -v -k -T 60 --qemu  --filesys-size=2 -p tests/filesys/base/lg-seq-random -a lg-seq-random -- -q  -f run lg-seq-random < /dev/null 2> tests/filesys/base/lg-seq-random.errors > tests/filesys/base/lg-seq-random.output
perl -I../.. ../../tests/filesys/base/lg-seq-random.ck tests/filesys/base/lg-seq-random tests/filesys/base/lg-seq-random.result
FAIL tests/filesys/base/lg-seq-random
run: open "nibble": FAILED
gcc -m32 -c ../../tests/filesys/base/sm-create.c -o tests/filesys/base/sm-create.o -g -msoft-float -O -fno-stack-protector -nostdinc -I../.. -I../../lib -I../../lib/user -I. -Wall -W -Wstrict-prototypes -Wmissing-prototypes -Wsystem-headers  -MMD -MF tests/filesys/base/sm-create.d
gcc -m32  -Wl,--build-id=none -nostdlib -static -Wl,-T,../../lib/user/user.lds tests/filesys/base/sm-create.o tests/lib.o tests/filesys/seq-test.o tests/main.o lib/user/entry.o libc.a -o tests/filesys/base/sm-create
pintos -v -k -T 60 --qemu  --filesys-size=2 -p tests/filesys/base/sm-create -a sm-create -- -q  -f run sm-create < /dev/null 2> tests/filesys/base/sm-create.errors > tests/filesys/base/sm-create.output
perl -I../.. ../../tests/filesys/base/sm-create.ck tests/filesys/base/sm-create tests/filesys/base/sm-create.result
FAIL tests/filesys/base/sm-create
run: open "blargle" for verification: FAILED
gcc -m32 -c ../../tests/filesys/base/sm-full.c -o tests/filesys/base/sm-full.o -g -msoft-float -O -fno-stack-protector -nostdinc -I../.. -I../../lib -I../../lib/user -I. -Wall -W -Wstrict-prototypes -Wmissing-prototypes -Wsystem-headers  -MMD -MF tests/filesys/base/sm-full.d
gcc -m32  -Wl,--build-id=none -nostdlib -static -Wl,-T,../../lib/user/user.lds tests/filesys/base/sm-full.o tests/lib.o tests/filesys/seq-test.o tests/main.o lib/user/entry.o libc.a -o tests/filesys/base/sm-full
pintos -v -k -T 60 --qemu  --filesys-size=2 -p tests/filesys/base/sm-full -a sm-full -- -q  -f run sm-full < /dev/null 2> tests/filesys/base/sm-full.errors > tests/filesys/base/sm-full.output
perl -I../.. ../../tests/filesys/base/sm-full.ck tests/filesys/base/sm-full tests/filesys/base/sm-full.result
FAIL tests/filesys/base/sm-full
run: open "quux": FAILED
gcc -m32 -c ../../tests/filesys/base/sm-random.c -o tests/filesys/base/sm-random.o -g -msoft-float -O -fno-stack-protector -nostdinc -I../.. -I../../lib -I../../lib/user -I. -Wall -W -Wstrict-prototypes -Wmissing-prototypes -Wsystem-headers  -MMD -MF tests/filesys/base/sm-random.d
gcc -m32  -Wl,--build-id=none -nostdlib -static -Wl,-T,../../lib/user/user.lds tests/filesys/base/sm-random.o tests/lib.o tests/filesys/seq-test.o tests/main.o lib/user/entry.o libc.a -o tests/filesys/base/sm-random
pintos -v -k -T 60 --qemu  --filesys-size=2 -p tests/filesys/base/sm-random -a sm-random -- -q  -f run sm-random < /dev/null 2> tests/filesys/base/sm-random.errors > tests/filesys/base/sm-random.output
perl -I../.. ../../tests/filesys/base/sm-random.ck tests/filesys/base/sm-random tests/filesys/base/sm-random.result
FAIL tests/filesys/base/sm-random
run: open "bazzle": FAILED
gcc -m32 -c ../../tests/filesys/base/sm-seq-block.c -o tests/filesys/base/sm-seq-block.o -g -msoft-float -O -fno-stack-protector -nostdinc -I../.. -I../../lib -I../../lib/user -I. -Wall -W -Wstrict-prototypes -Wmissing-prototypes -Wsystem-headers  -MMD -MF tests/filesys/base/sm-seq-block.d
gcc -m32  -Wl,--build-id=none -nostdlib -static -Wl,-T,../../lib/user/user.lds tests/filesys/base/sm-seq-block.o tests/lib.o tests/filesys/seq-test.o tests/main.o lib/user/entry.o libc.a -o tests/filesys/base/sm-seq-block
pintos -v -k -T 60 --qemu  --filesys-size=2 -p tests/filesys/base/sm-seq-block -a sm-seq-block -- -q  -f run sm-seq-block < /dev/null 2> tests/filesys/base/sm-seq-block.errors > tests/filesys/base/sm-seq-block.output
perl -I../.. ../../tests/filesys/base/sm-seq-block.ck tests/filesys/base/sm-seq-block tests/filesys/base/sm-seq-block.result
FAIL tests/filesys/base/sm-seq-block
run: open "noodle": FAILED
gcc -m32 -c ../../tests/filesys/base/sm-seq-random.c -o tests/filesys/base/sm-seq-random.o -g -msoft-float -O -fno-stack-protector -nostdinc -I../.. -I../../lib -I../../lib/user -I. -Wall -W -Wstrict-prototypes -Wmissing-prototypes -Wsystem-headers  -MMD -MF tests/filesys/base/sm-seq-random.d
gcc -m32  -Wl,--build-id=none -nostdlib -static -Wl,-T,../../lib/user/user.lds tests/filesys/base/sm-seq-random.o tests/lib.o tests/filesys/seq-test.o tests/main.o lib/user/entry.o libc.a -o tests/filesys/base/sm-seq-random
pintos -v -k -T 60 --qemu  --filesys-size=2 -p tests/filesys/base/sm-seq-random -a sm-seq-random -- -q  -f run sm-seq-random < /dev/null 2> tests/filesys/base/sm-seq-random.errors > tests/filesys/base/sm-seq-random.output
perl -I../.. ../../tests/filesys/base/sm-seq-random.ck tests/filesys/base/sm-seq-random tests/filesys/base/sm-seq-random.result
FAIL tests/filesys/base/sm-seq-random
run: open "nibble": FAILED
gcc -m32 -c ../../tests/filesys/base/syn-read.c -o tests/filesys/base/syn-read.o -g -msoft-float -O -fno-stack-protector -nostdinc -I../.. -I../../lib -I../../lib/user -I. -Wall -W -Wstrict-prototypes -Wmissing-prototypes -Wsystem-headers  -MMD -MF tests/filesys/base/syn-read.d
gcc -m32  -Wl,--build-id=none -nostdlib -static -Wl,-T,../../lib/user/user.lds tests/filesys/base/syn-read.o tests/lib.o tests/filesys/seq-test.o tests/main.o lib/user/entry.o libc.a -o tests/filesys/base/syn-read
gcc -m32 -c ../../tests/filesys/base/child-syn-read.c -o tests/filesys/base/child-syn-read.o -g -msoft-float -O -fno-stack-protector -nostdinc -I../.. -I../../lib -I../../lib/user -I. -Wall -W -Wstrict-prototypes -Wmissing-prototypes -Wsystem-headers  -MMD -MF tests/filesys/base/child-syn-read.d
gcc -m32  -Wl,--build-id=none -nostdlib -static -Wl,-T,../../lib/user/user.lds tests/filesys/base/child-syn-read.o tests/lib.o tests/filesys/seq-test.o lib/user/entry.o libc.a -o tests/filesys/base/child-syn-read
pintos -v -k -T 300 --qemu  --filesys-size=2 -p tests/filesys/base/syn-read -a syn-read -p tests/filesys/base/child-syn-read -a child-syn-read -- -q  -f run syn-read < /dev/null 2> tests/filesys/base/syn-read.errors > tests/filesys/base/syn-read.output
perl -I../.. ../../tests/filesys/base/syn-read.ck tests/filesys/base/syn-read tests/filesys/base/syn-read.result
FAIL tests/filesys/base/syn-read
run: open "data": FAILED
gcc -m32 -c ../../tests/filesys/base/syn-remove.c -o tests/filesys/base/syn-remove.o -g -msoft-float -O -fno-stack-protector -nostdinc -I../.. -I../../lib -I../../lib/user -I. -Wall -W -Wstrict-prototypes -Wmissing-prototypes -Wsystem-headers  -MMD -MF tests/filesys/base/syn-remove.d
gcc -m32  -Wl,--build-id=none -nostdlib -static -Wl,-T,../../lib/user/user.lds tests/filesys/base/syn-remove.o tests/lib.o tests/filesys/seq-test.o tests/main.o lib/user/entry.o libc.a -o tests/filesys/base/syn-remove
pintos -v -k -T 60 --qemu  --filesys-size=2 -p tests/filesys/base/syn-remove -a syn-remove -- -q  -f run syn-remove < /dev/null 2> tests/filesys/base/syn-remove.errors > tests/filesys/base/syn-remove.output
perl -I../.. ../../tests/filesys/base/syn-remove.ck tests/filesys/base/syn-remove tests/filesys/base/syn-remove.result
FAIL tests/filesys/base/syn-remove
run: open "deleteme": FAILED
gcc -m32 -c ../../tests/filesys/base/syn-write.c -o tests/filesys/base/syn-write.o -g -msoft-float -O -fno-stack-protector -nostdinc -I../.. -I../../lib -I../../lib/user -I. -Wall -W -Wstrict-prototypes -Wmissing-prototypes -Wsystem-headers  -MMD -MF tests/filesys/base/syn-write.d
gcc -m32  -Wl,--build-id=none -nostdlib -static -Wl,-T,../../lib/user/user.lds tests/filesys/base/syn-write.o tests/lib.o tests/filesys/seq-test.o tests/main.o lib/user/entry.o libc.a -o tests/filesys/base/syn-write
gcc -m32 -c ../../tests/filesys/base/child-syn-wrt.c -o tests/filesys/base/child-syn-wrt.o -g -msoft-float -O -fno-stack-protector -nostdinc -I../.. -I../../lib -I../../lib/user -I. -Wall -W -Wstrict-prototypes -Wmissing-prototypes -Wsystem-headers  -MMD -MF tests/filesys/base/child-syn-wrt.d
gcc -m32  -Wl,--build-id=none -nostdlib -static -Wl,-T,../../lib/user/user.lds tests/filesys/base/child-syn-wrt.o tests/lib.o tests/filesys/seq-test.o lib/user/entry.o libc.a -o tests/filesys/base/child-syn-wrt
pintos -v -k -T 60 --qemu  --filesys-size=2 -p tests/filesys/base/syn-write -a syn-write -p tests/filesys/base/child-syn-wrt -a child-syn-wrt -- -q  -f run syn-write < /dev/null 2> tests/filesys/base/syn-write.errors > tests/filesys/base/syn-write.output
perl -I../.. ../../tests/filesys/base/syn-write.ck tests/filesys/base/syn-write tests/filesys/base/syn-write.result
FAIL tests/filesys/base/syn-write
run: ((null)) open "stuff": FAILED
../../tests/make-grade ../.. results ../../tests/userprog/Grading | tee grade
warning: tests/userprog/print-name not tested, assuming failure
TOTAL TESTING SCORE: 27.9%

- - - - - - - - - - - - - - - - - - - - - - - - - - - - - - - - - - - - - - 

SUMMARY BY TEST SET

Test Set                                      Pts Max  % Ttl  % Max
--------------------------------------------- --- --- ------ ------
tests/userprog/Rubric.functionality            38/111  12.0%/ 35.0%
tests/userprog/Rubric.robustness               56/ 88  15.9%/ 25.0%
tests/userprog/no-vm/Rubric                     0/  1   0.0%/ 10.0%
tests/filesys/base/Rubric                       0/ 30   0.0%/ 30.0%
--------------------------------------------- --- --- ------ ------
Total                                                  27.9%/100.0%

- - - - - - - - - - - - - - - - - - - - - - - - - - - - - - - - - - - - - - 

SUMMARY OF INDIVIDUAL TESTS

Functionality of system calls (tests/userprog/Rubric.functionality):
	- New Test
	  ** 0/ 3 tests/userprog/print-name
	- Test argument passing on Pintos command line.
	     3/ 3 tests/userprog/args-none
	     3/ 3 tests/userprog/args-single
	     3/ 3 tests/userprog/args-multiple
	     3/ 3 tests/userprog/args-many
	     3/ 3 tests/userprog/args-dbl-space

	- Test "create" system call.
	     3/ 3 tests/userprog/create-empty
	     3/ 3 tests/userprog/create-long
	     3/ 3 tests/userprog/create-normal
	     3/ 3 tests/userprog/create-exists

	- Test "open" system call.
	     3/ 3 tests/userprog/open-missing
	  ** 0/ 3 tests/userprog/open-normal
	  ** 0/ 3 tests/userprog/open-twice

	- Test "read" system call.
	  ** 0/ 3 tests/userprog/read-normal
	  ** 0/ 3 tests/userprog/read-zero

	- Test "write" system call.
	  ** 0/ 3 tests/userprog/write-normal
	  ** 0/ 3 tests/userprog/write-zero

	- Test "close" system call.
	  ** 0/ 3 tests/userprog/close-normal

	- Test "exec" system call.
	  ** 0/ 5 tests/userprog/exec-once
	  ** 0/ 5 tests/userprog/exec-multiple
	  ** 0/ 5 tests/userprog/exec-arg

	- Test "wait" system call.
	  ** 0/ 5 tests/userprog/wait-simple
	  ** 0/ 5 tests/userprog/wait-twice

	- Test "exit" system call.
	     5/ 5 tests/userprog/exit

	- Test "halt" system call.
	     3/ 3 tests/userprog/halt

	- Test recursive execution of user programs.
	  ** 0/15 tests/userprog/multi-recurse

	- Test read-only executable feature.
	  ** 0/ 3 tests/userprog/rox-simple
	  ** 0/ 3 tests/userprog/rox-child
	  ** 0/ 3 tests/userprog/rox-multichild

	- Section summary.
	     12/ 29 tests passed
	     38/111 points subtotal

Robustness of system calls (tests/userprog/Rubric.robustness):
	- Test robustness of file descriptor handling.
	     2/ 2 tests/userprog/close-stdin
	     2/ 2 tests/userprog/close-stdout
	     2/ 2 tests/userprog/close-bad-fd
	  ** 0/ 2 tests/userprog/close-twice
	     2/ 2 tests/userprog/read-bad-fd
	     2/ 2 tests/userprog/read-stdout
	     2/ 2 tests/userprog/write-bad-fd
	     2/ 2 tests/userprog/write-stdin
	  ** 0/ 2 tests/userprog/multi-child-fd

	- Test robustness of pointer handling.
	     3/ 3 tests/userprog/create-bad-ptr
	     3/ 3 tests/userprog/exec-bad-ptr
	     3/ 3 tests/userprog/open-bad-ptr
	  ** 0/ 3 tests/userprog/read-bad-ptr
	  ** 0/ 3 tests/userprog/write-bad-ptr

	- Test robustness of buffer copying across page boundaries.
	     3/ 3 tests/userprog/create-bound
	  ** 0/ 3 tests/userprog/open-boundary
	  ** 0/ 3 tests/userprog/read-boundary
	  ** 0/ 3 tests/userprog/write-boundary

	- Test handling of null pointer and empty strings.
	     2/ 2 tests/userprog/create-null
	     2/ 2 tests/userprog/open-null
	     2/ 2 tests/userprog/open-empty

	- Test robustness of system call implementation.
	     3/ 3 tests/userprog/sc-bad-arg
	  ** 0/ 3 tests/userprog/sc-bad-sp
	     5/ 5 tests/userprog/sc-boundary
	     5/ 5 tests/userprog/sc-boundary-2

	- Test robustness of "exec" and "wait" system calls.
	  ** 0/ 5 tests/userprog/exec-missing
	     5/ 5 tests/userprog/wait-bad-pid
	  ** 0/ 5 tests/userprog/wait-killed

	- Test robustness of exception handling.
	     1/ 1 tests/userprog/bad-read
	     1/ 1 tests/userprog/bad-write
	     1/ 1 tests/userprog/bad-jump
	     1/ 1 tests/userprog/bad-read2
	     1/ 1 tests/userprog/bad-write2
	     1/ 1 tests/userprog/bad-jump2

	- Section summary.
	     24/ 34 tests passed
	     56/ 88 points subtotal

Functionality of features that VM might break (tests/userprog/no-vm/Rubric):

	  ** 0/ 1 tests/userprog/no-vm/multi-oom

	- Section summary.
	      0/  1 tests passed
	      0/  1 points subtotal

Functionality of base file system (tests/filesys/base/Rubric):
	- Test basic support for small files.
	  ** 0/ 1 tests/filesys/base/sm-create
	  ** 0/ 2 tests/filesys/base/sm-full
	  ** 0/ 2 tests/filesys/base/sm-random
	  ** 0/ 2 tests/filesys/base/sm-seq-block
	  ** 0/ 3 tests/filesys/base/sm-seq-random

	- Test basic support for large files.
	  ** 0/ 1 tests/filesys/base/lg-create
	  ** 0/ 2 tests/filesys/base/lg-full
	  ** 0/ 2 tests/filesys/base/lg-random
	  ** 0/ 2 tests/filesys/base/lg-seq-block
	  ** 0/ 3 tests/filesys/base/lg-seq-random

	- Test synchronized multiprogram access to files.
	  ** 0/ 4 tests/filesys/base/syn-read
	  ** 0/ 4 tests/filesys/base/syn-write
	  ** 0/ 2 tests/filesys/base/syn-remove

	- Section summary.
	      0/ 13 tests passed
	      0/ 30 points subtotal


- - - - - - - - - - - - - - - - - - - - - - - - - - - - - - - - - - - - - - 

DETAILS OF tests/userprog/print-name FAILURE:


- - - - - - - - - - - - - - - - - - - - - - - - - - - - - - - - - - - - - - 

DETAILS OF tests/userprog/open-normal FAILURE:

run: open() returned -1: FAILED

OUTPUT FROM tests/userprog/open-normal:

Copying tests/userprog/open-normal to scratch partition...
Copying ../../tests/userprog/sample.txt to scratch partition...
qemu-system-x86_64 -device isa-debug-exit -hda /tmp/MJLJLPNPO5.dsk -m 4 -net none -nographic -monitor null
PiLo hda1
Loading............
Kernel command line: -q -f extract run open-normal
Pintos booting with 3,968 kB RAM...
367 pages available in kernel pool.
367 pages available in user pool.
Calibrating timer...  104,755,200 loops/s.
hda: 5,040 sectors (2 MB), model "QM00001", serial "QEMU HARDDISK"
hda1: 194 sectors (97 kB), Pintos OS kernel (20)
hda2: 4,096 sectors (2 MB), Pintos file system (21)
hda3: 97 sectors (48 kB), Pintos scratch (22)
filesys: using hda2
scratch: using hda3
Formatting file system...done.
Boot complete.
Extracting ustar archive from scratch device into file system...
Putting 'open-normal' into the file system...
Putting 'sample.txt' into the file system...
Erasing ustar archive...
Executing 'open-normal':
(open-normal) begin
(open-normal) open() returned -1: FAILED
open-normal: exit(1)
Execution of 'open-normal' complete.
Timer: 79 ticks
Thread: 0 idle ticks, 78 kernel ticks, 2 user ticks
hda2 (filesys): 107 reads, 200 writes
hda3 (scratch): 96 reads, 2 writes
Console: 966 characters output
Keyboard: 0 keys pressed
Exception: 0 page faults
Powering off...

- - - - - - - - - - - - - - - - - - - - - - - - - - - - - - - - - - - - - - 

DETAILS OF tests/userprog/open-twice FAILURE:

run: open "sample.txt" once: FAILED

OUTPUT FROM tests/userprog/open-twice:

Copying tests/userprog/open-twice to scratch partition...
Copying ../../tests/userprog/sample.txt to scratch partition...
qemu-system-x86_64 -device isa-debug-exit -hda /tmp/pinxwX_IIl.dsk -m 4 -net none -nographic -monitor null
PiLo hda1
Loading............
Kernel command line: -q -f extract run open-twice
Pintos booting with 3,968 kB RAM...
367 pages available in kernel pool.
367 pages available in user pool.
Calibrating timer...  130,457,600 loops/s.
hda: 5,040 sectors (2 MB), model "QM00001", serial "QEMU HARDDISK"
hda1: 194 sectors (97 kB), Pintos OS kernel (20)
hda2: 4,096 sectors (2 MB), Pintos file system (21)
hda3: 97 sectors (48 kB), Pintos scratch (22)
filesys: using hda2
scratch: using hda3
Formatting file system...done.
Boot complete.
Extracting ustar archive from scratch device into file system...
Putting 'open-twice' into the file system...
Putting 'sample.txt' into the file system...
Erasing ustar archive...
Executing 'open-twice':
(open-twice) begin
(open-twice) open "sample.txt" once
(open-twice) open "sample.txt" once: FAILED
open-twice: exit(1)
Execution of 'open-twice' complete.
Timer: 88 ticks
Thread: 6 idle ticks, 82 kernel ticks, 1 user ticks
hda2 (filesys): 135 reads, 200 writes
hda3 (scratch): 96 reads, 2 writes
Console: 999 characters output
Keyboard: 0 keys pressed
Exception: 0 page faults
Powering off...

- - - - - - - - - - - - - - - - - - - - - - - - - - - - - - - - - - - - - - 

DETAILS OF tests/userprog/read-normal FAILURE:

run: open "sample.txt" for verification: FAILED

OUTPUT FROM tests/userprog/read-normal:

Copying tests/userprog/read-normal to scratch partition...
Copying ../../tests/userprog/sample.txt to scratch partition...
qemu-system-x86_64 -device isa-debug-exit -hda /tmp/qMBUELRoF3.dsk -m 4 -net none -nographic -monitor null
PiLo hda1
Loading............
Kernel command line: -q -f extract run read-normal
Pintos booting with 3,968 kB RAM...
367 pages available in kernel pool.
367 pages available in user pool.
Calibrating timer...  157,081,600 loops/s.
hda: 5,040 sectors (2 MB), model "QM00001", serial "QEMU HARDDISK"
hda1: 194 sectors (97 kB), Pintos OS kernel (20)
hda2: 4,096 sectors (2 MB), Pintos file system (21)
hda3: 97 sectors (48 kB), Pintos scratch (22)
filesys: using hda2
scratch: using hda3
Formatting file system...done.
Boot complete.
Extracting ustar archive from scratch device into file system...
Putting 'read-normal' into the file system...
Putting 'sample.txt' into the file system...
Erasing ustar archive...
Executing 'read-normal':
(read-normal) begin
(read-normal) open "sample.txt" for verification
(read-normal) open "sample.txt" for verification: FAILED
read-normal: exit(1)
Execution of 'read-normal' complete.
Timer: 84 ticks
Thread: 0 idle ticks, 82 kernel ticks, 2 user ticks
hda2 (filesys): 108 reads, 200 writes
hda3 (scratch): 96 reads, 2 writes
Console: 1031 characters output
Keyboard: 0 keys pressed
Exception: 0 page faults
Powering off...

- - - - - - - - - - - - - - - - - - - - - - - - - - - - - - - - - - - - - - 

DETAILS OF tests/userprog/read-zero FAILURE:

run: open "sample.txt": FAILED

OUTPUT FROM tests/userprog/read-zero:

Copying tests/userprog/read-zero to scratch partition...
Copying ../../tests/userprog/sample.txt to scratch partition...
qemu-system-x86_64 -device isa-debug-exit -hda /tmp/eAYffVrOvq.dsk -m 4 -net none -nographic -monitor null
PiLo hda1
Loading............
Kernel command line: -q -f extract run read-zero
Pintos booting with 3,968 kB RAM...
367 pages available in kernel pool.
367 pages available in user pool.
Calibrating timer...  157,081,600 loops/s.
hda: 5,040 sectors (2 MB), model "QM00001", serial "QEMU HARDDISK"
hda1: 194 sectors (97 kB), Pintos OS kernel (20)
hda2: 4,096 sectors (2 MB), Pintos file system (21)
hda3: 97 sectors (48 kB), Pintos scratch (22)
filesys: using hda2
scratch: using hda3
Formatting file system...done.
Boot complete.
Extracting ustar archive from scratch device into file system...
Putting 'read-zero' into the file system...
Putting 'sample.txt' into the file system...
Erasing ustar archive...
Executing 'read-zero':
(read-zero) begin
(read-zero) open "sample.txt"
(read-zero) open "sample.txt": FAILED
read-zero: exit(1)
Execution of 'read-zero' complete.
Timer: 88 ticks
Thread: 5 idle ticks, 80 kernel ticks, 3 user ticks
hda2 (filesys): 101 reads, 200 writes
hda3 (scratch): 96 reads, 2 writes
Console: 981 characters output
Keyboard: 0 keys pressed
Exception: 0 page faults
Powering off...

- - - - - - - - - - - - - - - - - - - - - - - - - - - - - - - - - - - - - - 

DETAILS OF tests/userprog/write-normal FAILURE:

run: open "test.txt": FAILED

OUTPUT FROM tests/userprog/write-normal:

Copying tests/userprog/write-normal to scratch partition...
Copying ../../tests/userprog/sample.txt to scratch partition...
qemu-system-x86_64 -device isa-debug-exit -hda /tmp/jFMtBEcget.dsk -m 4 -net none -nographic -monitor null
PiLo hda1
Loading............
Kernel command line: -q -f extract run write-normal
Pintos booting with 3,968 kB RAM...
367 pages available in kernel pool.
367 pages available in user pool.
Calibrating timer...  157,081,600 loops/s.
hda: 5,040 sectors (2 MB), model "QM00001", serial "QEMU HARDDISK"
hda1: 194 sectors (97 kB), Pintos OS kernel (20)
hda2: 4,096 sectors (2 MB), Pintos file system (21)
hda3: 98 sectors (49 kB), Pintos scratch (22)
filesys: using hda2
scratch: using hda3
Formatting file system...done.
Boot complete.
Extracting ustar archive from scratch device into file system...
Putting 'write-normal' into the file system...
Putting 'sample.txt' into the file system...
Erasing ustar archive...
Executing 'write-normal':
(write-normal) begin
(write-normal) create "test.txt"
(write-normal) open "test.txt"
(write-normal) open "test.txt": FAILED
write-normal: exit(1)
Execution of 'write-normal' complete.
Timer: 88 ticks
Thread: 6 idle ticks, 78 kernel ticks, 4 user ticks
hda2 (filesys): 122 reads, 207 writes
hda3 (scratch): 97 reads, 2 writes
Console: 1034 characters output
Keyboard: 0 keys pressed
Exception: 0 page faults
Powering off...

- - - - - - - - - - - - - - - - - - - - - - - - - - - - - - - - - - - - - - 

DETAILS OF tests/userprog/write-zero FAILURE:

run: open "sample.txt": FAILED

OUTPUT FROM tests/userprog/write-zero:

Copying tests/userprog/write-zero to scratch partition...
Copying ../../tests/userprog/sample.txt to scratch partition...
qemu-system-x86_64 -device isa-debug-exit -hda /tmp/VdumBRzBrb.dsk -m 4 -net none -nographic -monitor null
PiLo hda1
Loading............
Kernel command line: -q -f extract run write-zero
Pintos booting with 3,968 kB RAM...
367 pages available in kernel pool.
367 pages available in user pool.
Calibrating timer...  157,081,600 loops/s.
hda: 5,040 sectors (2 MB), model "QM00001", serial "QEMU HARDDISK"
hda1: 194 sectors (97 kB), Pintos OS kernel (20)
hda2: 4,096 sectors (2 MB), Pintos file system (21)
hda3: 97 sectors (48 kB), Pintos scratch (22)
filesys: using hda2
scratch: using hda3
Formatting file system...done.
Boot complete.
Extracting ustar archive from scratch device into file system...
Putting 'write-zero' into the file system...
Putting 'sample.txt' into the file system...
Erasing ustar archive...
Executing 'write-zero':
(write-zero) begin
(write-zero) open "sample.txt"
(write-zero) open "sample.txt": FAILED
write-zero: exit(1)
Execution of 'write-zero' complete.
Timer: 82 ticks
Thread: 0 idle ticks, 80 kernel ticks, 3 user ticks
hda2 (filesys): 107 reads, 200 writes
hda3 (scratch): 96 reads, 2 writes
Console: 989 characters output
Keyboard: 0 keys pressed
Exception: 0 page faults
Powering off...

- - - - - - - - - - - - - - - - - - - - - - - - - - - - - - - - - - - - - - 

DETAILS OF tests/userprog/close-normal FAILURE:

run: open "sample.txt": FAILED

OUTPUT FROM tests/userprog/close-normal:

Copying tests/userprog/close-normal to scratch partition...
Copying ../../tests/userprog/sample.txt to scratch partition...
qemu-system-x86_64 -device isa-debug-exit -hda /tmp/xgaGBPUZnu.dsk -m 4 -net none -nographic -monitor null
PiLo hda1
Loading............
Kernel command line: -q -f extract run close-normal
Pintos booting with 3,968 kB RAM...
367 pages available in kernel pool.
367 pages available in user pool.
Calibrating timer...  157,081,600 loops/s.
hda: 5,040 sectors (2 MB), model "QM00001", serial "QEMU HARDDISK"
hda1: 194 sectors (97 kB), Pintos OS kernel (20)
hda2: 4,096 sectors (2 MB), Pintos file system (21)
hda3: 97 sectors (48 kB), Pintos scratch (22)
filesys: using hda2
scratch: using hda3
Formatting file system...done.
Boot complete.
Extracting ustar archive from scratch device into file system...
Putting 'close-normal' into the file system...
Putting 'sample.txt' into the file system...
Erasing ustar archive...
Executing 'close-normal':
(close-normal) begin
(close-normal) open "sample.txt"
(close-normal) open "sample.txt": FAILED
close-normal: exit(1)
Execution of 'close-normal' complete.
Timer: 91 ticks
Thread: 5 idle ticks, 83 kernel ticks, 3 user ticks
hda2 (filesys): 107 reads, 200 writes
hda3 (scratch): 96 reads, 2 writes
Console: 1005 characters output
Keyboard: 0 keys pressed
Exception: 0 page faults
Powering off...

- - - - - - - - - - - - - - - - - - - - - - - - - - - - - - - - - - - - - - 

DETAILS OF tests/userprog/exec-once FAILURE:

run: TIMEOUT after 124 seconds of wall-clock time - load average: 1.22, 1.12, 0.77

OUTPUT FROM tests/userprog/exec-once:

Copying tests/userprog/exec-once to scratch partition...
Copying tests/userprog/child-simple to scratch partition...
qemu-system-x86_64 -device isa-debug-exit -hda /tmp/5xrbWQNkCl.dsk -m 4 -net none -nographic -monitor null
PiLo hda1
Loading............
Kernel command line: -q -f extract run exec-once
Pintos booting with 3,968 kB RAM...
367 pages available in kernel pool.
367 pages available in user pool.
Calibrating timer...  157,081,600 loops/s.
hda: 5,040 sectors (2 MB), model "QM00001", serial "QEMU HARDDISK"
hda1: 194 sectors (97 kB), Pintos OS kernel (20)
hda2: 4,096 sectors (2 MB), Pintos file system (21)
hda3: 185 sectors (92 kB), Pintos scratch (22)
filesys: using hda2
scratch: using hda3
Formatting file system...done.
Boot complete.
Extracting ustar archive from scratch device into file system...
Putting 'exec-once' into the file system...
Putting 'child-simple' into the file system...
Erasing ustar archive...
Executing 'exec-once':
(exec-once) begin
(child-simple) run
child-simple: exit(81)
(exec-once) end
exec-once: exit(0)

TIMEOUT after 124 seconds of wall-clock time - load average: 1.22, 1.12, 0.77

- - - - - - - - - - - - - - - - - - - - - - - - - - - - - - - - - - - - - - 

DETAILS OF tests/userprog/exec-multiple FAILURE:

run: TIMEOUT after 74 seconds of wall-clock time - load average: 1.19, 1.14, 0.80

OUTPUT FROM tests/userprog/exec-multiple:

Copying tests/userprog/exec-multiple to scratch partition...
Copying tests/userprog/child-simple to scratch partition...
qemu-system-x86_64 -device isa-debug-exit -hda /tmp/qZHtl68Xvq.dsk -m 4 -net none -nographic -monitor null
PiLo hda1
Loading............
Kernel command line: -q -f extract run exec-multiple
Pintos booting with 3,968 kB RAM...
367 pages available in kernel pool.
367 pages available in user pool.
Calibrating timer...  157,081,600 loops/s.
hda: 5,040 sectors (2 MB), model "QM00001", serial "QEMU HARDDISK"
hda1: 194 sectors (97 kB), Pintos OS kernel (20)
hda2: 4,096 sectors (2 MB), Pintos file system (21)
hda3: 186 sectors (93 kB), Pintos scratch (22)
filesys: using hda2
scratch: using hda3
Formatting file system...done.
Boot complete.
Extracting ustar archive from scratch device into file system...
Putting 'exec-multiple' into the file system...
Putting 'child-simple' into the file system...
Erasing ustar archive...
Executing 'exec-multiple':
(exec-multiple) begin
(child-simple) run
child-simple: exit(81)
(child-simple) run
child-simple: exit(81)
(child-simple) run
child-simple: exit(81)
(child-simple) run
child-simple: exit(81)
(exec-multiple) end
exec-multiple: exit(0)

TIMEOUT after 74 seconds of wall-clock time - load average: 1.19, 1.14, 0.80

- - - - - - - - - - - - - - - - - - - - - - - - - - - - - - - - - - - - - - 

DETAILS OF tests/userprog/exec-arg FAILURE:

Kernel panic in run: PANIC at ../../userprog/exception.c:101 in kill(): Kernel bug - unexpected interrupt in kernel
Call stack: 0xc00277b6 0xc0026d13
Translation of call stack:
0xc00277b6: debug_panic (.../../lib/kernel/debug.c:38)
0xc0026d13: strtok_r (...ld/../../lib/string.c:269)

OUTPUT FROM tests/userprog/exec-arg:

Copying tests/userprog/exec-arg to scratch partition...
Copying tests/userprog/child-args to scratch partition...
qemu-system-x86_64 -device isa-debug-exit -hda /tmp/sQcxE6K3Ot.dsk -m 4 -net none -nographic -monitor null
PiLo hda1
Loading............
Kernel command line: -q -f extract run exec-arg
Pintos booting with 3,968 kB RAM...
367 pages available in kernel pool.
367 pages available in user pool.
Calibrating timer...  142,336,000 loops/s.
hda: 5,040 sectors (2 MB), model "QM00001", serial "QEMU HARDDISK"
hda1: 194 sectors (97 kB), Pintos OS kernel (20)
hda2: 4,096 sectors (2 MB), Pintos file system (21)
hda3: 186 sectors (93 kB), Pintos scratch (22)
filesys: using hda2
scratch: using hda3
Formatting file system...done.
Boot complete.
Extracting ustar archive from scratch device into file system...
Putting 'exec-arg' into the file system...
Putting 'child-args' into the file system...
Erasing ustar archive...
Executing 'exec-arg':
(exec-arg) begin
Page fault at 0x804aaaf: rights violation error writing page in kernel context.
Interrupt 0x0e (#PF Page-Fault Exception) at eip=0xc0026d13
 cr2=0804aaaf error=00000003
 eax=00000020 ebx=0804aaa5 ecx=00000020 edx=00000020
 esi=c002f69e edi=0804aaaf esp=00000000 ebp=00000020
 cs=0008 ds=0010 es=0010 ss=0001
Kernel PANIC at ../../userprog/exception.c:101 in kill(): Kernel bug - unexpected interrupt in kernel
Call stack: 0xc00277b6 0xc0026d13.
The `backtrace' program can make call stacks useful.
Read "Backtraces" in the "Debugging Tools" chapter
of the Pintos documentation for more information.
Timer: 95 ticks
Thread: 2 idle ticks, 90 kernel ticks, 3 user ticks
hda2 (filesys): 90 reads, 378 writes
hda3 (scratch): 185 reads, 2 writes
Console: 1455 characters output
Keyboard: 0 keys pressed
Exception: 1 page faults
Powering off...

- - - - - - - - - - - - - - - - - - - - - - - - - - - - - - - - - - - - - - 

DETAILS OF tests/userprog/wait-simple FAILURE:

run: TIMEOUT after 80 seconds of wall-clock time - load average: 1.45, 1.26, 0.87

OUTPUT FROM tests/userprog/wait-simple:

Copying tests/userprog/wait-simple to scratch partition...
Copying tests/userprog/child-simple to scratch partition...
qemu-system-x86_64 -device isa-debug-exit -hda /tmp/btydQJjm8w.dsk -m 4 -net none -nographic -monitor null
PiLo hda1
Loading............
Kernel command line: -q -f extract run wait-simple
Pintos booting with 3,968 kB RAM...
367 pages available in kernel pool.
367 pages available in user pool.
Calibrating timer...  157,081,600 loops/s.
hda: 5,040 sectors (2 MB), model "QM00001", serial "QEMU HARDDISK"
hda1: 194 sectors (97 kB), Pintos OS kernel (20)
hda2: 4,096 sectors (2 MB), Pintos file system (21)
hda3: 186 sectors (93 kB), Pintos scratch (22)
filesys: using hda2
scratch: using hda3
Formatting file system...done.
Boot complete.
Extracting ustar archive from scratch device into file system...
Putting 'wait-simple' into the file system...
Putting 'child-simple' into the file system...
Erasing ustar archive...
Executing 'wait-simple':
(wait-simple) begin
(child-simple) run
child-simple: exit(81)
(wait-simple) wait(exec()) = 81
(wait-simple) end
wait-simple: exit(0)

TIMEOUT after 80 seconds of wall-clock time - load average: 1.45, 1.26, 0.87

- - - - - - - - - - - - - - - - - - - - - - - - - - - - - - - - - - - - - - 

DETAILS OF tests/userprog/wait-twice FAILURE:

run: TIMEOUT after 88 seconds of wall-clock time - load average: 2.03, 1.45, 0.97

OUTPUT FROM tests/userprog/wait-twice:

Copying tests/userprog/wait-twice to scratch partition...
Copying tests/userprog/child-simple to scratch partition...
qemu-system-x86_64 -device isa-debug-exit -hda /tmp/WzyDwKrYaB.dsk -m 4 -net none -nographic -monitor null
PiLo hda1
Loading............
Kernel command line: -q -f extract run wait-twice
Pintos booting with 3,968 kB RAM...
367 pages available in kernel pool.
367 pages available in user pool.
Calibrating timer...  157,081,600 loops/s.
hda: 5,040 sectors (2 MB), model "QM00001", serial "QEMU HARDDISK"
hda1: 194 sectors (97 kB), Pintos OS kernel (20)
hda2: 4,096 sectors (2 MB), Pintos file system (21)
hda3: 186 sectors (93 kB), Pintos scratch (22)
filesys: using hda2
scratch: using hda3
Formatting file system...done.
Boot complete.
Extracting ustar archive from scratch device into file system...
Putting 'wait-twice' into the file system...
Putting 'child-simple' into the file system...
Erasing ustar archive...
Executing 'wait-twice':
(wait-twice) begin
(child-simple) run
child-simple: exit(81)
(wait-twice) wait(exec()) = 81
(wait-twice) wait(exec()) = -1
(wait-twice) end
wait-twice: exit(0)

TIMEOUT after 88 seconds of wall-clock time - load average: 2.03, 1.45, 0.97

- - - - - - - - - - - - - - - - - - - - - - - - - - - - - - - - - - - - - - 

DETAILS OF tests/userprog/multi-recurse FAILURE:

run: TIMEOUT after 131 seconds of wall-clock time - load average: 2.09, 1.65, 1.11

OUTPUT FROM tests/userprog/multi-recurse:

Copying tests/userprog/multi-recurse to scratch partition...
qemu-system-x86_64 -device isa-debug-exit -hda /tmp/7OfHXjwn7q.dsk -m 4 -net none -nographic -monitor null
PiLo hda1
Loading............
Kernel command line: -q -f extract run 'multi-recurse 15'
Pintos booting with 3,968 kB RAM...
367 pages available in kernel pool.
367 pages available in user pool.
Calibrating timer...  156,262,400 loops/s.
hda: 5,040 sectors (2 MB), model "QM00001", serial "QEMU HARDDISK"
hda1: 194 sectors (97 kB), Pintos OS kernel (20)
hda2: 4,096 sectors (2 MB), Pintos file system (21)
hda3: 106 sectors (53 kB), Pintos scratch (22)
filesys: using hda2
scratch: using hda3
Formatting file system...done.
Boot complete.
Extracting ustar archive from scratch device into file system...
Putting 'multi-recurse' into the file system...
Erasing ustar archive...
Executing 'multi-recurse 15':
(multi-recurse) begin 15
(multi-recurse) exec("multi-recurse 14")
(multi-recurse) begin 14
(multi-recurse) exec("multi-recurse 13")
(multi-recurse) begin 13
(multi-recurse) exec("multi-recurse 12")
(multi-recurse) begin 12
(multi-recurse) exec("multi-recurse 11")
(multi-recurse) begin 11
(multi-recurse) exec("multi-recurse 10")
(multi-recurse) begin 10
(multi-recurse) exec("multi-recurse 9")
(multi-recurse) begin 9
(multi-recurse) exec("multi-recurse 8")
(multi-recurse) begin 8
(multi-recurse) exec("multi-recurse 7")
(multi-recurse) begin 7
(multi-recurse) exec("multi-recurse 6")
(multi-recurse) begin 6
(multi-recurse) exec("multi-recurse 5")
(multi-recurse) begin 5
(multi-recurse) exec("multi-recurse 4")
(multi-recurse) begin 4
(multi-recurse) exec("multi-recurse 3")
(multi-recurse) begin 3
(multi-recurse) exec("multi-recurse 2")
(multi-recurse) begin 2
(multi-recurse) exec("multi-recurse 1")
(multi-recurse) begin 1
(multi-recurse) exec("multi-recurse 0")
(multi-recurse) begin 0
(multi-recurse) end 0
multi-recurse: exit(0)
(multi-recurse) end 1
multi-recurse: exit(1)

TIMEOUT after 131 seconds of wall-clock time - load average: 2.09, 1.65, 1.11

- - - - - - - - - - - - - - - - - - - - - - - - - - - - - - - - - - - - - - 

DETAILS OF tests/userprog/rox-simple FAILURE:

run: open "rox-simple": FAILED

OUTPUT FROM tests/userprog/rox-simple:

Copying tests/userprog/rox-simple to scratch partition...
qemu-system-x86_64 -device isa-debug-exit -hda /tmp/NikYSlmHbS.dsk -m 4 -net none -nographic -monitor null
PiLo hda1
Loading............
Kernel command line: -q -f extract run rox-simple
Pintos booting with 3,968 kB RAM...
367 pages available in kernel pool.
367 pages available in user pool.
Calibrating timer...  157,081,600 loops/s.
hda: 5,040 sectors (2 MB), model "QM00001", serial "QEMU HARDDISK"
hda1: 194 sectors (97 kB), Pintos OS kernel (20)
hda2: 4,096 sectors (2 MB), Pintos file system (21)
hda3: 95 sectors (47 kB), Pintos scratch (22)
filesys: using hda2
scratch: using hda3
Formatting file system...done.
Boot complete.
Extracting ustar archive from scratch device into file system...
Putting 'rox-simple' into the file system...
Erasing ustar archive...
Executing 'rox-simple':
(rox-simple) begin
(rox-simple) open "rox-simple"
(rox-simple) open "rox-simple": FAILED
rox-simple: exit(1)
Execution of 'rox-simple' complete.
Timer: 85 ticks
Thread: 1 idle ticks, 81 kernel ticks, 3 user ticks
hda2 (filesys): 76 reads, 194 writes
hda3 (scratch): 94 reads, 2 writes
Console: 943 characters output
Keyboard: 0 keys pressed
Exception: 0 page faults
Powering off...

- - - - - - - - - - - - - - - - - - - - - - - - - - - - - - - - - - - - - - 

DETAILS OF tests/userprog/rox-child FAILURE:

run: open "child-rox": FAILED

OUTPUT FROM tests/userprog/rox-child:

Copying tests/userprog/rox-child to scratch partition...
Copying tests/userprog/child-rox to scratch partition...
qemu-system-x86_64 -device isa-debug-exit -hda /tmp/bKg4LGzfDI.dsk -m 4 -net none -nographic -monitor null
PiLo hda1
Loading............
Kernel command line: -q -f extract run rox-child
Pintos booting with 3,968 kB RAM...
367 pages available in kernel pool.
367 pages available in user pool.
Calibrating timer...  130,867,200 loops/s.
hda: 5,040 sectors (2 MB), model "QM00001", serial "QEMU HARDDISK"
hda1: 194 sectors (97 kB), Pintos OS kernel (20)
hda2: 4,096 sectors (2 MB), Pintos file system (21)
hda3: 202 sectors (101 kB), Pintos scratch (22)
filesys: using hda2
scratch: using hda3
Formatting file system...done.
Boot complete.
Extracting ustar archive from scratch device into file system...
Putting 'rox-child' into the file system...
Putting 'child-rox' into the file system...
Erasing ustar archive...
Executing 'rox-child':
(rox-child) begin
(rox-child) open "child-rox"
(rox-child) open "child-rox": FAILED
rox-child: exit(1)
Execution of 'rox-child' complete.
Timer: 100 ticks
Thread: 9 idle ticks, 88 kernel ticks, 3 user ticks
hda2 (filesys): 101 reads, 410 writes
hda3 (scratch): 201 reads, 2 writes
Console: 982 characters output
Keyboard: 0 keys pressed
Exception: 0 page faults
Powering off...

- - - - - - - - - - - - - - - - - - - - - - - - - - - - - - - - - - - - - - 

DETAILS OF tests/userprog/rox-multichild FAILURE:

run: open "child-rox": FAILED

OUTPUT FROM tests/userprog/rox-multichild:

Copying tests/userprog/rox-multichild to scratch partition...
Copying tests/userprog/child-rox to scratch partition...
qemu-system-x86_64 -device isa-debug-exit -hda /tmp/6D9FU1ZMJr.dsk -m 4 -net none -nographic -monitor null
PiLo hda1
Loading............
Kernel command line: -q -f extract run rox-multichild
Pintos booting with 3,968 kB RAM...
367 pages available in kernel pool.
367 pages available in user pool.
Calibrating timer...  148,889,600 loops/s.
hda: 5,040 sectors (2 MB), model "QM00001", serial "QEMU HARDDISK"
hda1: 194 sectors (97 kB), Pintos OS kernel (20)
hda2: 4,096 sectors (2 MB), Pintos file system (21)
hda3: 202 sectors (101 kB), Pintos scratch (22)
filesys: using hda2
scratch: using hda3
Formatting file system...done.
Boot complete.
Extracting ustar archive from scratch device into file system...
Putting 'rox-multichild' into the file system...
Putting 'child-rox' into the file system...
Erasing ustar archive...
Executing 'rox-multichild':
(rox-multichild) begin
(rox-multichild) open "child-rox"
(rox-multichild) open "child-rox": FAILED
rox-multichild: exit(1)
Execution of 'rox-multichild' complete.
Timer: 88 ticks
Thread: 0 idle ticks, 87 kernel ticks, 2 user ticks
hda2 (filesys): 101 reads, 410 writes
hda3 (scratch): 201 reads, 2 writes
Console: 1021 characters output
Keyboard: 0 keys pressed
Exception: 0 page faults
Powering off...

- - - - - - - - - - - - - - - - - - - - - - - - - - - - - - - - - - - - - - 

DETAILS OF tests/userprog/close-twice FAILURE:

run: open "sample.txt": FAILED

OUTPUT FROM tests/userprog/close-twice:

Copying tests/userprog/close-twice to scratch partition...
Copying ../../tests/userprog/sample.txt to scratch partition...
qemu-system-x86_64 -device isa-debug-exit -hda /tmp/iMiO2x7Hcq.dsk -m 4 -net none -nographic -monitor null
PiLo hda1
Loading............
Kernel command line: -q -f extract run close-twice
Pintos booting with 3,968 kB RAM...
367 pages available in kernel pool.
367 pages available in user pool.
Calibrating timer...  117,760,000 loops/s.
hda: 5,040 sectors (2 MB), model "QM00001", serial "QEMU HARDDISK"
hda1: 194 sectors (97 kB), Pintos OS kernel (20)
hda2: 4,096 sectors (2 MB), Pintos file system (21)
hda3: 97 sectors (48 kB), Pintos scratch (22)
filesys: using hda2
scratch: using hda3
Formatting file system...done.
Boot complete.
Extracting ustar archive from scratch device into file system...
Putting 'close-twice' into the file system...
Putting 'sample.txt' into the file system...
Erasing ustar archive...
Executing 'close-twice':
(close-twice) begin
(close-twice) open "sample.txt"
(close-twice) open "sample.txt": FAILED
close-twice: exit(1)
Execution of 'close-twice' complete.
Timer: 90 ticks
Thread: 0 idle ticks, 87 kernel ticks, 3 user ticks
hda2 (filesys): 107 reads, 200 writes
hda3 (scratch): 96 reads, 2 writes
Console: 997 characters output
Keyboard: 0 keys pressed
Exception: 0 page faults
Powering off...

- - - - - - - - - - - - - - - - - - - - - - - - - - - - - - - - - - - - - - 

DETAILS OF tests/userprog/multi-child-fd FAILURE:

run: open "sample.txt": FAILED

OUTPUT FROM tests/userprog/multi-child-fd:

Copying tests/userprog/multi-child-fd to scratch partition...
Copying ../../tests/userprog/sample.txt to scratch partition...
Copying tests/userprog/child-close to scratch partition...
qemu-system-x86_64 -device isa-debug-exit -hda /tmp/bVhGTBHAOH.dsk -m 4 -net none -nographic -monitor null
PiLo hda1
Loading............
Kernel command line: -q -f extract run multi-child-fd
Pintos booting with 3,968 kB RAM...
367 pages available in kernel pool.
367 pages available in user pool.
Calibrating timer...  55,603,200 loops/s.
hda: 5,040 sectors (2 MB), model "QM00001", serial "QEMU HARDDISK"
hda1: 194 sectors (97 kB), Pintos OS kernel (20)
hda2: 4,096 sectors (2 MB), Pintos file system (21)
hda3: 201 sectors (100 kB), Pintos scratch (22)
filesys: using hda2
scratch: using hda3
Formatting file system...done.
Boot complete.
Extracting ustar archive from scratch device into file system...
Putting 'multi-child-fd' into the file system...
Putting 'sample.txt' into the file system...
Putting 'child-close' into the file system...
Erasing ustar archive...
Executing 'multi-child-fd':
(multi-child-fd) begin
(multi-child-fd) open "sample.txt"
(multi-child-fd) open "sample.txt": FAILED
multi-child-fd: exit(1)
Execution of 'multi-child-fd' complete.
Timer: 101 ticks
Thread: 8 idle ticks, 90 kernel ticks, 3 user ticks
hda2 (filesys): 128 reads, 410 writes
hda3 (scratch): 200 reads, 2 writes
Console: 1070 characters output
Keyboard: 0 keys pressed
Exception: 0 page faults
Powering off...

- - - - - - - - - - - - - - - - - - - - - - - - - - - - - - - - - - - - - - 

DETAILS OF tests/userprog/read-bad-ptr FAILURE:

run: open "sample.txt": FAILED

OUTPUT FROM tests/userprog/read-bad-ptr:

Copying tests/userprog/read-bad-ptr to scratch partition...
Copying ../../tests/userprog/sample.txt to scratch partition...
qemu-system-x86_64 -device isa-debug-exit -hda /tmp/7UVe4jF3f5.dsk -m 4 -net none -nographic -monitor null
PiLo hda1
Loading............
Kernel command line: -q -f extract run read-bad-ptr
Pintos booting with 3,968 kB RAM...
367 pages available in kernel pool.
367 pages available in user pool.
Calibrating timer...  157,081,600 loops/s.
hda: 5,040 sectors (2 MB), model "QM00001", serial "QEMU HARDDISK"
hda1: 194 sectors (97 kB), Pintos OS kernel (20)
hda2: 4,096 sectors (2 MB), Pintos file system (21)
hda3: 97 sectors (48 kB), Pintos scratch (22)
filesys: using hda2
scratch: using hda3
Formatting file system...done.
Boot complete.
Extracting ustar archive from scratch device into file system...
Putting 'read-bad-ptr' into the file system...
Putting 'sample.txt' into the file system...
Erasing ustar archive...
Executing 'read-bad-ptr':
(read-bad-ptr) begin
(read-bad-ptr) open "sample.txt"
(read-bad-ptr) open "sample.txt": FAILED
read-bad-ptr: exit(1)
Execution of 'read-bad-ptr' complete.
Timer: 83 ticks
Thread: 0 idle ticks, 81 kernel ticks, 2 user ticks
hda2 (filesys): 107 reads, 200 writes
hda3 (scratch): 96 reads, 2 writes
Console: 1005 characters output
Keyboard: 0 keys pressed
Exception: 0 page faults
Powering off...

- - - - - - - - - - - - - - - - - - - - - - - - - - - - - - - - - - - - - - 

DETAILS OF tests/userprog/write-bad-ptr FAILURE:

run: open "sample.txt": FAILED

OUTPUT FROM tests/userprog/write-bad-ptr:

Copying tests/userprog/write-bad-ptr to scratch partition...
Copying ../../tests/userprog/sample.txt to scratch partition...
qemu-system-x86_64 -device isa-debug-exit -hda /tmp/E0TmZroF8c.dsk -m 4 -net none -nographic -monitor null
PiLo hda1
Loading............
Kernel command line: -q -f extract run write-bad-ptr
Pintos booting with 3,968 kB RAM...
367 pages available in kernel pool.
367 pages available in user pool.
Calibrating timer...  142,131,200 loops/s.
hda: 5,040 sectors (2 MB), model "QM00001", serial "QEMU HARDDISK"
hda1: 194 sectors (97 kB), Pintos OS kernel (20)
hda2: 4,096 sectors (2 MB), Pintos file system (21)
hda3: 97 sectors (48 kB), Pintos scratch (22)
filesys: using hda2
scratch: using hda3
Formatting file system...done.
Boot complete.
Extracting ustar archive from scratch device into file system...
Putting 'write-bad-ptr' into the file system...
Putting 'sample.txt' into the file system...
Erasing ustar archive...
Executing 'write-bad-ptr':
(write-bad-ptr) begin
(write-bad-ptr) open "sample.txt"
(write-bad-ptr) open "sample.txt": FAILED
write-bad-ptr: exit(1)
Execution of 'write-bad-ptr' complete.
Timer: 92 ticks
Thread: 1 idle ticks, 89 kernel ticks, 3 user ticks
hda2 (filesys): 107 reads, 200 writes
hda3 (scratch): 96 reads, 2 writes
Console: 1013 characters output
Keyboard: 0 keys pressed
Exception: 0 page faults
Powering off...

- - - - - - - - - - - - - - - - - - - - - - - - - - - - - - - - - - - - - - 

DETAILS OF tests/userprog/open-boundary FAILURE:

run: open "sample.txt": FAILED

OUTPUT FROM tests/userprog/open-boundary:

Copying tests/userprog/open-boundary to scratch partition...
Copying ../../tests/userprog/sample.txt to scratch partition...
qemu-system-x86_64 -device isa-debug-exit -hda /tmp/FUd6tgtBNx.dsk -m 4 -net none -nographic -monitor null
PiLo hda1
Loading............
Kernel command line: -q -f extract run open-boundary
Pintos booting with 3,968 kB RAM...
367 pages available in kernel pool.
367 pages available in user pool.
Calibrating timer...  157,081,600 loops/s.
hda: 5,040 sectors (2 MB), model "QM00001", serial "QEMU HARDDISK"
hda1: 194 sectors (97 kB), Pintos OS kernel (20)
hda2: 4,096 sectors (2 MB), Pintos file system (21)
hda3: 99 sectors (49 kB), Pintos scratch (22)
filesys: using hda2
scratch: using hda3
Formatting file system...done.
Boot complete.
Extracting ustar archive from scratch device into file system...
Putting 'open-boundary' into the file system...
Putting 'sample.txt' into the file system...
Erasing ustar archive...
Executing 'open-boundary':
(open-boundary) begin
(open-boundary) open "sample.txt"
(open-boundary) open "sample.txt": FAILED
open-boundary: exit(1)
Execution of 'open-boundary' complete.
Timer: 83 ticks
Thread: 1 idle ticks, 81 kernel ticks, 2 user ticks
hda2 (filesys): 101 reads, 204 writes
hda3 (scratch): 98 reads, 2 writes
Console: 1013 characters output
Keyboard: 0 keys pressed
Exception: 0 page faults
Powering off...

- - - - - - - - - - - - - - - - - - - - - - - - - - - - - - - - - - - - - - 

DETAILS OF tests/userprog/read-boundary FAILURE:

run: open "sample.txt": FAILED

OUTPUT FROM tests/userprog/read-boundary:

Copying tests/userprog/read-boundary to scratch partition...
Copying ../../tests/userprog/sample.txt to scratch partition...
qemu-system-x86_64 -device isa-debug-exit -hda /tmp/duoVq4w8Sw.dsk -m 4 -net none -nographic -monitor null
PiLo hda1
Loading............
Kernel command line: -q -f extract run read-boundary
Pintos booting with 3,968 kB RAM...
367 pages available in kernel pool.
367 pages available in user pool.
Calibrating timer...  157,081,600 loops/s.
hda: 5,040 sectors (2 MB), model "QM00001", serial "QEMU HARDDISK"
hda1: 194 sectors (97 kB), Pintos OS kernel (20)
hda2: 4,096 sectors (2 MB), Pintos file system (21)
hda3: 101 sectors (50 kB), Pintos scratch (22)
filesys: using hda2
scratch: using hda3
Formatting file system...done.
Boot complete.
Extracting ustar archive from scratch device into file system...
Putting 'read-boundary' into the file system...
Putting 'sample.txt' into the file system...
Erasing ustar archive...
Executing 'read-boundary':
(read-boundary) begin
(read-boundary) open "sample.txt"
(read-boundary) open "sample.txt": FAILED
read-boundary: exit(1)
Execution of 'read-boundary' complete.
Timer: 88 ticks
Thread: 2 idle ticks, 84 kernel ticks, 2 user ticks
hda2 (filesys): 102 reads, 208 writes
hda3 (scratch): 100 reads, 2 writes
Console: 1015 characters output
Keyboard: 0 keys pressed
Exception: 0 page faults
Powering off...

- - - - - - - - - - - - - - - - - - - - - - - - - - - - - - - - - - - - - - 

DETAILS OF tests/userprog/write-boundary FAILURE:

run: open "sample.txt": FAILED

OUTPUT FROM tests/userprog/write-boundary:

Copying tests/userprog/write-boundary to scratch partition...
Copying ../../tests/userprog/sample.txt to scratch partition...
qemu-system-x86_64 -device isa-debug-exit -hda /tmp/wN4DmUi31J.dsk -m 4 -net none -nographic -monitor null
PiLo hda1
Loading............
Kernel command line: -q -f extract run write-boundary
Pintos booting with 3,968 kB RAM...
367 pages available in kernel pool.
367 pages available in user pool.
Calibrating timer...  157,081,600 loops/s.
hda: 5,040 sectors (2 MB), model "QM00001", serial "QEMU HARDDISK"
hda1: 194 sectors (97 kB), Pintos OS kernel (20)
hda2: 4,096 sectors (2 MB), Pintos file system (21)
hda3: 101 sectors (50 kB), Pintos scratch (22)
filesys: using hda2
scratch: using hda3
Formatting file system...done.
Boot complete.
Extracting ustar archive from scratch device into file system...
Putting 'write-boundary' into the file system...
Putting 'sample.txt' into the file system...
Erasing ustar archive...
Executing 'write-boundary':
(write-boundary) begin
(write-boundary) open "sample.txt"
(write-boundary) open "sample.txt": FAILED
write-boundary: exit(1)
Execution of 'write-boundary' complete.
Timer: 90 ticks
Thread: 2 idle ticks, 82 kernel ticks, 6 user ticks
hda2 (filesys): 101 reads, 208 writes
hda3 (scratch): 100 reads, 2 writes
Console: 1023 characters output
Keyboard: 0 keys pressed
Exception: 0 page faults
Powering off...

- - - - - - - - - - - - - - - - - - - - - - - - - - - - - - - - - - - - - - 

DETAILS OF tests/userprog/sc-bad-sp FAILURE:

Kernel panic in run: PANIC at ../../userprog/exception.c:101 in kill(): Kernel bug - unexpected interrupt in kernel
Call stack: 0xc00277b6 0xc002abad 0x804809e
Translation of call stack:
In kernel.o:
0xc00277b6: debug_panic (.../../lib/kernel/debug.c:38)
0xc002abad: syscall_handler (.../../userprog/syscall.c:94)
In tests/userprog/sc-bad-sp:
0x0804809e: test_main (...s/userprog/sc-bad-sp.c:19)
Translations of user virtual addresses above are based on a guess at
the binary to use.  If this guess is incorrect, then those
translations will be misleading.

OUTPUT FROM tests/userprog/sc-bad-sp:

Copying tests/userprog/sc-bad-sp to scratch partition...
qemu-system-x86_64 -device isa-debug-exit -hda /tmp/7YvUiLlR3C.dsk -m 4 -net none -nographic -monitor null
PiLo hda1
Loading............
Kernel command line: -q -f extract run sc-bad-sp
Pintos booting with 3,968 kB RAM...
367 pages available in kernel pool.
367 pages available in user pool.
Calibrating timer...  157,081,600 loops/s.
hda: 5,040 sectors (2 MB), model "QM00001", serial "QEMU HARDDISK"
hda1: 194 sectors (97 kB), Pintos OS kernel (20)
hda2: 4,096 sectors (2 MB), Pintos file system (21)
hda3: 94 sectors (47 kB), Pintos scratch (22)
filesys: using hda2
scratch: using hda3
Formatting file system...done.
Boot complete.
Extracting ustar archive from scratch device into file system...
Putting 'sc-bad-sp' into the file system...
Erasing ustar archive...
Executing 'sc-bad-sp':
(sc-bad-sp) begin
Page fault at 0x4048097: not present error reading page in kernel context.
Interrupt 0x0e (#PF Page-Fault Exception) at eip=0xc002abad
 cr2=04048097 error=00000000
 eax=04048097 ebx=c010afb0 ecx=0000000e edx=00000030
 esi=c010afb0 edi=00000000 esp=c010afb4 ebp=c010afe8
 cs=0008 ds=0010 es=0010 ss=0001
Kernel PANIC at ../../userprog/exception.c:101 in kill(): Kernel bug - unexpected interrupt in kernel
Call stack: 0xc00277b6 0xc002abad 0x804809e.
The `backtrace' program can make call stacks useful.
Read "Backtraces" in the "Debugging Tools" chapter
of the Pintos documentation for more information.
Timer: 81 ticks
Thread: 0 idle ticks, 78 kernel ticks, 3 user ticks
hda2 (filesys): 65 reads, 192 writes
hda3 (scratch): 93 reads, 2 writes
Console: 1417 characters output
Keyboard: 0 keys pressed
Exception: 1 page faults
Powering off...

- - - - - - - - - - - - - - - - - - - - - - - - - - - - - - - - - - - - - - 

DETAILS OF tests/userprog/exec-missing FAILURE:

Kernel panic in run: PANIC at ../../userprog/exception.c:101 in kill(): Kernel bug - unexpected interrupt in kernel
Call stack: 0xc00277b6
Translation of call stack:
0xc00277b6: debug_panic (.../../lib/kernel/debug.c:38)

OUTPUT FROM tests/userprog/exec-missing:

Copying tests/userprog/exec-missing to scratch partition...
qemu-system-x86_64 -device isa-debug-exit -hda /tmp/ZaYDNgDlrE.dsk -m 4 -net none -nographic -monitor null
PiLo hda1
Loading............
Kernel command line: -q -f extract run exec-missing
Pintos booting with 3,968 kB RAM...
367 pages available in kernel pool.
367 pages available in user pool.
Calibrating timer...  157,081,600 loops/s.
hda: 5,040 sectors (2 MB), model "QM00001", serial "QEMU HARDDISK"
hda1: 194 sectors (97 kB), Pintos OS kernel (20)
hda2: 4,096 sectors (2 MB), Pintos file system (21)
hda3: 95 sectors (47 kB), Pintos scratch (22)
filesys: using hda2
scratch: using hda3
Formatting file system...done.
Boot complete.
Extracting ustar archive from scratch device into file system...
Putting 'exec-missing' into the file system...
Erasing ustar archive...
Executing 'exec-missing':
(exec-missing) begin
Page fault at 0x1c: not present error reading page in kernel context.
Interrupt 0x0e (#PF Page-Fault Exception) at eip=0xc0029b85
 cr2=0000001c error=00000000
 eax=00000001 ebx=00000000 ecx=00000011 edx=c0100008
 esi=c0112000 edi=c0110fc8 esp=c0112000 ebp=00000000
 cs=0008 ds=0010 es=0010 ss=0fc8
Kernel PANIC at ../../userprog/exception.c:101 in kill(): Kernel bug - unexpected interrupt in kernel
Call stack: 0xc00277b6.
The `backtrace' program can make call stacks useful.
Read "Backtraces" in the "Debugging Tools" chapter
of the Pintos documentation for more information.
Timer: 85 ticks
Thread: 4 idle ticks, 79 kernel ticks, 2 user ticks
hda2 (filesys): 82 reads, 194 writes
hda3 (scratch): 94 reads, 2 writes
Console: 1403 characters output
Keyboard: 0 keys pressed
Exception: 1 page faults
Powering off...

- - - - - - - - - - - - - - - - - - - - - - - - - - - - - - - - - - - - - - 

DETAILS OF tests/userprog/wait-killed FAILURE:

Kernel panic in run: PANIC at ../../userprog/exception.c:101 in kill(): Kernel bug - unexpected interrupt in kernel
Call stack: 0xc00277b6 0xc002abad 0x804809e
Translation of call stack:
In kernel.o:
0xc00277b6: debug_panic (.../../lib/kernel/debug.c:38)
0xc002abad: syscall_handler (.../../userprog/syscall.c:94)
In tests/userprog/wait-killed:
0x0804809e: test_main (...userprog/wait-killed.c:10)
Translations of user virtual addresses above are based on a guess at
the binary to use.  If this guess is incorrect, then those
translations will be misleading.

OUTPUT FROM tests/userprog/wait-killed:

Copying tests/userprog/wait-killed to scratch partition...
Copying tests/userprog/child-bad to scratch partition...
qemu-system-x86_64 -device isa-debug-exit -hda /tmp/nuWifrozDF.dsk -m 4 -net none -nographic -monitor null
PiLo hda1
Loading............
Kernel command line: -q -f extract run wait-killed
Pintos booting with 3,968 kB RAM...
367 pages available in kernel pool.
367 pages available in user pool.
Calibrating timer...  35,993,600 loops/s.
hda: 5,040 sectors (2 MB), model "QM00001", serial "QEMU HARDDISK"
hda1: 194 sectors (97 kB), Pintos OS kernel (20)
hda2: 4,096 sectors (2 MB), Pintos file system (21)
hda3: 187 sectors (93 kB), Pintos scratch (22)
filesys: using hda2
scratch: using hda3
Formatting file system...done.
Boot complete.
Extracting ustar archive from scratch device into file system...
Putting 'wait-killed' into the file system...
Putting 'child-bad' into the file system...
Erasing ustar archive...
Executing 'wait-killed':
(wait-killed) begin
(child-bad) begin
Page fault at 0x20101234: not present error reading page in kernel context.
Interrupt 0x0e (#PF Page-Fault Exception) at eip=0xc002abad
 cr2=20101234 error=00000000
 eax=20101234 ebx=c0110fb0 ecx=0000000e edx=00000030
 esi=c0110fb0 edi=00000000 esp=c0110fb4 ebp=c0110fe8
 cs=0008 ds=0010 es=0010 ss=0001
Kernel PANIC at ../../userprog/exception.c:101 in kill(): Kernel bug - unexpected interrupt in kernel
Call stack: 0xc00277b6 0xc002abad 0x804809e.
The `backtrace' program can make call stacks useful.
Read "Backtraces" in the "Debugging Tools" chapter
of the Pintos documentation for more information.
Timer: 102 ticks
Thread: 1 idle ticks, 94 kernel ticks, 7 user ticks
hda2 (filesys): 130 reads, 380 writes
hda3 (scratch): 186 reads, 2 writes
Console: 1491 characters output
Keyboard: 0 keys pressed
Exception: 1 page faults
Powering off...

- - - - - - - - - - - - - - - - - - - - - - - - - - - - - - - - - - - - - - 

DETAILS OF tests/userprog/no-vm/multi-oom FAILURE:

Kernel panic in run: PANIC at ../../userprog/exception.c:101 in kill(): Kernel bug - unexpected interrupt in kernel
Call stack: 0xc00277b6
Translation of call stack:
0xc00277b6: debug_panic (.../../lib/kernel/debug.c:38)

OUTPUT FROM tests/userprog/no-vm/multi-oom:

Copying tests/userprog/no-vm/multi-oom to scratch partition...
qemu-system-x86_64 -device isa-debug-exit -hda /tmp/UHHiw0YhyH.dsk -m 4 -net none -nographic -monitor null
PiLo hda1
Loading............
Kernel command line: -q -f extract run multi-oom
Pintos booting with 3,968 kB RAM...
367 pages available in kernel pool.
367 pages available in user pool.
Calibrating timer...  95,334,400 loops/s.
hda: 5,040 sectors (2 MB), model "QM00001", serial "QEMU HARDDISK"
hda1: 194 sectors (97 kB), Pintos OS kernel (20)
hda2: 4,096 sectors (2 MB), Pintos file system (21)
hda3: 112 sectors (56 kB), Pintos scratch (22)
filesys: using hda2
scratch: using hda3
Formatting file system...done.
Boot complete.
Extracting ustar archive from scratch device into file system...
Putting 'multi-oom' into the file system...
Erasing ustar archive...
Executing 'multi-oom':
(multi-oom) begin
multi-oom: exit(-1)
multi-oom: exit(-1)
multi-oom: exit(-1)
multi-oom: exit(-1)
multi-oom: exit(-1)
multi-oom: exit(-1)
multi-oom: exit(-1)
multi-oom: exit(-1)
multi-oom: exit(-1)
multi-oom: exit(-1)
multi-oom: exit(-1)
multi-oom: exit(-1)
multi-oom: exit(-1)
multi-oom: exit(-1)
multi-oom: exit(-1)
multi-oom: exit(-1)
multi-oom: exit(-1)
multi-oom: exit(-1)
multi-oom: exit(-1)
multi-oom: exit(-1)
multi-oom: exit(-1)
multi-oom: exit(-1)
multi-oom: exit(-1)
multi-oom: exit(-1)
multi-oom: exit(-1)
multi-oom: exit(-1)
multi-oom: exit(-1)
multi-oom: exit(-1)
multi-oom: exit(-1)
multi-oom: exit(-1)
multi-oom: exit(-1)
multi-oom: exit(-1)
multi-oom: exit(-1)
multi-oom: exit(-1)
multi-oom: exit(-1)
multi-oom: exit(-1)
multi-oom: exit(-1)
multi-oom: exit(-1)
multi-oom: exit(-1)
multi-oom: exit(-1)
multi-oom: exit(-1)
multi-oom: exit(-1)
multi-oom: exit(-1)
multi-oom: exit(-1)
Page fault at 0x1c: not present error reading page in kernel context.
Interrupt 0x0e (#PF Page-Fault Exception) at eip=0xc0029b85
 cr2=0000001c error=00000000
 eax=00000001 ebx=00000000 ecx=0000016d edx=c0100008
 esi=c026e000 edi=c026cfc8 esp=c026e000 ebp=00000000
 cs=0008 ds=0010 es=0010 ss=cfc8
Kernel PANIC at ../../userprog/exception.c:101 in kill(): Kernel bug - unexpected interrupt in kernel
Call stack: 0xc00277b6.
The `backtrace' program can make call stacks useful.
Read "Backtraces" in the "Debugging Tools" chapter
of the Pintos documentation for more information.
Timer: 242 ticks
Thread: 12 idle ticks, 100 kernel ticks, 130 user ticks
hda2 (filesys): 4882 reads, 228 writes
hda3 (scratch): 111 reads, 2 writes
Console: 2279 characters output
Keyboard: 0 keys pressed
Exception: 33 page faults
Powering off...

- - - - - - - - - - - - - - - - - - - - - - - - - - - - - - - - - - - - - - 

DETAILS OF tests/filesys/base/sm-create FAILURE:

run: open "blargle" for verification: FAILED

OUTPUT FROM tests/filesys/base/sm-create:

Copying tests/filesys/base/sm-create to scratch partition...
qemu-system-x86_64 -device isa-debug-exit -hda /tmp/yg1SzRVDp5.dsk -m 4 -net none -nographic -monitor null
PiLo hda1
Loading............
Kernel command line: -q -f extract run sm-create
Pintos booting with 3,968 kB RAM...
367 pages available in kernel pool.
367 pages available in user pool.
Calibrating timer...  157,081,600 loops/s.
hda: 5,040 sectors (2 MB), model "QM00001", serial "QEMU HARDDISK"
hda1: 194 sectors (97 kB), Pintos OS kernel (20)
hda2: 4,096 sectors (2 MB), Pintos file system (21)
hda3: 98 sectors (49 kB), Pintos scratch (22)
filesys: using hda2
scratch: using hda3
Formatting file system...done.
Boot complete.
Extracting ustar archive from scratch device into file system...
Putting 'sm-create' into the file system...
Erasing ustar archive...
Executing 'sm-create':
(sm-create) begin
(sm-create) create "blargle"
(sm-create) open "blargle" for verification
(sm-create) open "blargle" for verification: FAILED
sm-create: exit(1)
Execution of 'sm-create' complete.
Timer: 88 ticks
Thread: 4 idle ticks, 81 kernel ticks, 3 user ticks
hda2 (filesys): 96 reads, 216 writes
hda3 (scratch): 97 reads, 2 writes
Console: 992 characters output
Keyboard: 0 keys pressed
Exception: 0 page faults
Powering off...

- - - - - - - - - - - - - - - - - - - - - - - - - - - - - - - - - - - - - - 

DETAILS OF tests/filesys/base/sm-full FAILURE:

run: open "quux": FAILED

OUTPUT FROM tests/filesys/base/sm-full:

Copying tests/filesys/base/sm-full to scratch partition...
qemu-system-x86_64 -device isa-debug-exit -hda /tmp/ngrmCGaEPl.dsk -m 4 -net none -nographic -monitor null
PiLo hda1
Loading............
Kernel command line: -q -f extract run sm-full
Pintos booting with 3,968 kB RAM...
367 pages available in kernel pool.
367 pages available in user pool.
Calibrating timer...  130,867,200 loops/s.
hda: 5,040 sectors (2 MB), model "QM00001", serial "QEMU HARDDISK"
hda1: 194 sectors (97 kB), Pintos OS kernel (20)
hda2: 4,096 sectors (2 MB), Pintos file system (21)
hda3: 98 sectors (49 kB), Pintos scratch (22)
filesys: using hda2
scratch: using hda3
Formatting file system...done.
Boot complete.
Extracting ustar archive from scratch device into file system...
Putting 'sm-full' into the file system...
Erasing ustar archive...
Executing 'sm-full':
(sm-full) begin
(sm-full) create "quux"
(sm-full) open "quux"
(sm-full) open "quux": FAILED
sm-full: exit(1)
Execution of 'sm-full' complete.
Timer: 86 ticks
Thread: 1 idle ticks, 83 kernel ticks, 3 user ticks
hda2 (filesys): 96 reads, 216 writes
hda3 (scratch): 97 reads, 2 writes
Console: 931 characters output
Keyboard: 0 keys pressed
Exception: 0 page faults
Powering off...

- - - - - - - - - - - - - - - - - - - - - - - - - - - - - - - - - - - - - - 

DETAILS OF tests/filesys/base/sm-random FAILURE:

run: open "bazzle": FAILED

OUTPUT FROM tests/filesys/base/sm-random:

Copying tests/filesys/base/sm-random to scratch partition...
qemu-system-x86_64 -device isa-debug-exit -hda /tmp/IE3gvMV7Nd.dsk -m 4 -net none -nographic -monitor null
PiLo hda1
Loading............
Kernel command line: -q -f extract run sm-random
Pintos booting with 3,968 kB RAM...
367 pages available in kernel pool.
367 pages available in user pool.
Calibrating timer...  123,904,000 loops/s.
hda: 5,040 sectors (2 MB), model "QM00001", serial "QEMU HARDDISK"
hda1: 194 sectors (97 kB), Pintos OS kernel (20)
hda2: 4,096 sectors (2 MB), Pintos file system (21)
hda3: 101 sectors (50 kB), Pintos scratch (22)
filesys: using hda2
scratch: using hda3
Formatting file system...done.
Boot complete.
Extracting ustar archive from scratch device into file system...
Putting 'sm-random' into the file system...
Erasing ustar archive...
Executing 'sm-random':
(sm-random) begin
(sm-random) create "bazzle"
(sm-random) open "bazzle"
(sm-random) open "bazzle": FAILED
sm-random: exit(1)
Execution of 'sm-random' complete.
Timer: 92 ticks
Thread: 0 idle ticks, 89 kernel ticks, 3 user ticks
hda2 (filesys): 98 reads, 214 writes
hda3 (scratch): 100 reads, 2 writes
Console: 957 characters output
Keyboard: 0 keys pressed
Exception: 0 page faults
Powering off...

- - - - - - - - - - - - - - - - - - - - - - - - - - - - - - - - - - - - - - 

DETAILS OF tests/filesys/base/sm-seq-block FAILURE:

run: open "noodle": FAILED

OUTPUT FROM tests/filesys/base/sm-seq-block:

Copying tests/filesys/base/sm-seq-block to scratch partition...
qemu-system-x86_64 -device isa-debug-exit -hda /tmp/Gaz3FnB7_y.dsk -m 4 -net none -nographic -monitor null
PiLo hda1
Loading............
Kernel command line: -q -f extract run sm-seq-block
Pintos booting with 3,968 kB RAM...
367 pages available in kernel pool.
367 pages available in user pool.
Calibrating timer...  130,867,200 loops/s.
hda: 5,040 sectors (2 MB), model "QM00001", serial "QEMU HARDDISK"
hda1: 194 sectors (97 kB), Pintos OS kernel (20)
hda2: 4,096 sectors (2 MB), Pintos file system (21)
hda3: 98 sectors (49 kB), Pintos scratch (22)
filesys: using hda2
scratch: using hda3
Formatting file system...done.
Boot complete.
Extracting ustar archive from scratch device into file system...
Putting 'sm-seq-block' into the file system...
Erasing ustar archive...
Executing 'sm-seq-block':
(sm-seq-block) begin
(sm-seq-block) create "noodle"
(sm-seq-block) open "noodle"
(sm-seq-block) open "noodle": FAILED
sm-seq-block: exit(1)
Execution of 'sm-seq-block' complete.
Timer: 86 ticks
Thread: 1 idle ticks, 82 kernel ticks, 3 user ticks
hda2 (filesys): 96 reads, 216 writes
hda3 (scratch): 97 reads, 2 writes
Console: 982 characters output
Keyboard: 0 keys pressed
Exception: 0 page faults
Powering off...

- - - - - - - - - - - - - - - - - - - - - - - - - - - - - - - - - - - - - - 

DETAILS OF tests/filesys/base/sm-seq-random FAILURE:

run: open "nibble": FAILED

OUTPUT FROM tests/filesys/base/sm-seq-random:

Copying tests/filesys/base/sm-seq-random to scratch partition...
qemu-system-x86_64 -device isa-debug-exit -hda /tmp/YoAyd6K7cO.dsk -m 4 -net none -nographic -monitor null
PiLo hda1
Loading............
Kernel command line: -q -f extract run sm-seq-random
Pintos booting with 3,968 kB RAM...
367 pages available in kernel pool.
367 pages available in user pool.
Calibrating timer...  143,974,400 loops/s.
hda: 5,040 sectors (2 MB), model "QM00001", serial "QEMU HARDDISK"
hda1: 194 sectors (97 kB), Pintos OS kernel (20)
hda2: 4,096 sectors (2 MB), Pintos file system (21)
hda3: 98 sectors (49 kB), Pintos scratch (22)
filesys: using hda2
scratch: using hda3
Formatting file system...done.
Boot complete.
Extracting ustar archive from scratch device into file system...
Putting 'sm-seq-random' into the file system...
Erasing ustar archive...
Executing 'sm-seq-random':
(sm-seq-random) begin
(sm-seq-random) create "nibble"
(sm-seq-random) open "nibble"
(sm-seq-random) open "nibble": FAILED
sm-seq-random: exit(1)
Execution of 'sm-seq-random' complete.
Timer: 85 ticks
Thread: 2 idle ticks, 80 kernel ticks, 3 user ticks
hda2 (filesys): 96 reads, 216 writes
hda3 (scratch): 97 reads, 2 writes
Console: 991 characters output
Keyboard: 0 keys pressed
Exception: 0 page faults
Powering off...

- - - - - - - - - - - - - - - - - - - - - - - - - - - - - - - - - - - - - - 

DETAILS OF tests/filesys/base/lg-create FAILURE:

run: open "blargle" for verification: FAILED

OUTPUT FROM tests/filesys/base/lg-create:

Copying tests/filesys/base/lg-create to scratch partition...
qemu-system-x86_64 -device isa-debug-exit -hda /tmp/pVoQ7HZKd1.dsk -m 4 -net none -nographic -monitor null
PiLo hda1
Loading............
Kernel command line: -q -f extract run lg-create
Pintos booting with 3,968 kB RAM...
367 pages available in kernel pool.
367 pages available in user pool.
Calibrating timer...  155,443,200 loops/s.
hda: 5,040 sectors (2 MB), model "QM00001", serial "QEMU HARDDISK"
hda1: 194 sectors (97 kB), Pintos OS kernel (20)
hda2: 4,096 sectors (2 MB), Pintos file system (21)
hda3: 98 sectors (49 kB), Pintos scratch (22)
filesys: using hda2
scratch: using hda3
Formatting file system...done.
Boot complete.
Extracting ustar archive from scratch device into file system...
Putting 'lg-create' into the file system...
Erasing ustar archive...
Executing 'lg-create':
(lg-create) begin
(lg-create) create "blargle"
(lg-create) open "blargle" for verification
(lg-create) open "blargle" for verification: FAILED
lg-create: exit(1)
Execution of 'lg-create' complete.
Timer: 97 ticks
Thread: 6 idle ticks, 84 kernel ticks, 7 user ticks
hda2 (filesys): 96 reads, 352 writes
hda3 (scratch): 97 reads, 2 writes
Console: 992 characters output
Keyboard: 0 keys pressed
Exception: 0 page faults
Powering off...

- - - - - - - - - - - - - - - - - - - - - - - - - - - - - - - - - - - - - - 

DETAILS OF tests/filesys/base/lg-full FAILURE:

run: open "quux": FAILED

OUTPUT FROM tests/filesys/base/lg-full:

Copying tests/filesys/base/lg-full to scratch partition...
qemu-system-x86_64 -device isa-debug-exit -hda /tmp/3QS8gW3vhp.dsk -m 4 -net none -nographic -monitor null
PiLo hda1
Loading............
Kernel command line: -q -f extract run lg-full
Pintos booting with 3,968 kB RAM...
367 pages available in kernel pool.
367 pages available in user pool.
Calibrating timer...  157,081,600 loops/s.
hda: 5,040 sectors (2 MB), model "QM00001", serial "QEMU HARDDISK"
hda1: 194 sectors (97 kB), Pintos OS kernel (20)
hda2: 4,096 sectors (2 MB), Pintos file system (21)
hda3: 98 sectors (49 kB), Pintos scratch (22)
filesys: using hda2
scratch: using hda3
Formatting file system...done.
Boot complete.
Extracting ustar archive from scratch device into file system...
Putting 'lg-full' into the file system...
Erasing ustar archive...
Executing 'lg-full':
(lg-full) begin
(lg-full) create "quux"
(lg-full) open "quux"
(lg-full) open "quux": FAILED
lg-full: exit(1)
Execution of 'lg-full' complete.
Timer: 94 ticks
Thread: 0 idle ticks, 85 kernel ticks, 10 user ticks
hda2 (filesys): 96 reads, 352 writes
hda3 (scratch): 97 reads, 2 writes
Console: 932 characters output
Keyboard: 0 keys pressed
Exception: 0 page faults
Powering off...

- - - - - - - - - - - - - - - - - - - - - - - - - - - - - - - - - - - - - - 

DETAILS OF tests/filesys/base/lg-random FAILURE:

run: open "bazzle": FAILED

OUTPUT FROM tests/filesys/base/lg-random:

Copying tests/filesys/base/lg-random to scratch partition...
qemu-system-x86_64 -device isa-debug-exit -hda /tmp/_6dylqVu8N.dsk -m 4 -net none -nographic -monitor null
PiLo hda1
Loading............
Kernel command line: -q -f extract run lg-random
Pintos booting with 3,968 kB RAM...
367 pages available in kernel pool.
367 pages available in user pool.
Calibrating timer...  154,009,600 loops/s.
hda: 5,040 sectors (2 MB), model "QM00001", serial "QEMU HARDDISK"
hda1: 194 sectors (97 kB), Pintos OS kernel (20)
hda2: 4,096 sectors (2 MB), Pintos file system (21)
hda3: 101 sectors (50 kB), Pintos scratch (22)
filesys: using hda2
scratch: using hda3
Formatting file system...done.
Boot complete.
Extracting ustar archive from scratch device into file system...
Putting 'lg-random' into the file system...
Erasing ustar archive...
Executing 'lg-random':
(lg-random) begin
(lg-random) create "bazzle"
(lg-random) open "bazzle"
(lg-random) open "bazzle": FAILED
lg-random: exit(1)
Execution of 'lg-random' complete.
Timer: 97 ticks
Thread: 0 idle ticks, 91 kernel ticks, 6 user ticks
hda2 (filesys): 98 reads, 360 writes
hda3 (scratch): 100 reads, 2 writes
Console: 957 characters output
Keyboard: 0 keys pressed
Exception: 0 page faults
Powering off...

- - - - - - - - - - - - - - - - - - - - - - - - - - - - - - - - - - - - - - 

DETAILS OF tests/filesys/base/lg-seq-block FAILURE:

run: open "noodle": FAILED

OUTPUT FROM tests/filesys/base/lg-seq-block:

Copying tests/filesys/base/lg-seq-block to scratch partition...
qemu-system-x86_64 -device isa-debug-exit -hda /tmp/rg94iMkkcG.dsk -m 4 -net none -nographic -monitor null
PiLo hda1
Loading............
Kernel command line: -q -f extract run lg-seq-block
Pintos booting with 3,968 kB RAM...
367 pages available in kernel pool.
367 pages available in user pool.
Calibrating timer...  157,081,600 loops/s.
hda: 5,040 sectors (2 MB), model "QM00001", serial "QEMU HARDDISK"
hda1: 194 sectors (97 kB), Pintos OS kernel (20)
hda2: 4,096 sectors (2 MB), Pintos file system (21)
hda3: 98 sectors (49 kB), Pintos scratch (22)
filesys: using hda2
scratch: using hda3
Formatting file system...done.
Boot complete.
Extracting ustar archive from scratch device into file system...
Putting 'lg-seq-block' into the file system...
Erasing ustar archive...
Executing 'lg-seq-block':
(lg-seq-block) begin
(lg-seq-block) create "noodle"
(lg-seq-block) open "noodle"
(lg-seq-block) open "noodle": FAILED
lg-seq-block: exit(1)
Execution of 'lg-seq-block' complete.
Timer: 89 ticks
Thread: 6 idle ticks, 77 kernel ticks, 6 user ticks
hda2 (filesys): 96 reads, 352 writes
hda3 (scratch): 97 reads, 2 writes
Console: 982 characters output
Keyboard: 0 keys pressed
Exception: 0 page faults
Powering off...

- - - - - - - - - - - - - - - - - - - - - - - - - - - - - - - - - - - - - - 

DETAILS OF tests/filesys/base/lg-seq-random FAILURE:

run: open "nibble": FAILED

OUTPUT FROM tests/filesys/base/lg-seq-random:

Copying tests/filesys/base/lg-seq-random to scratch partition...
qemu-system-x86_64 -device isa-debug-exit -hda /tmp/RohDsGhrUE.dsk -m 4 -net none -nographic -monitor null
PiLo hda1
Loading............
Kernel command line: -q -f extract run lg-seq-random
Pintos booting with 3,968 kB RAM...
367 pages available in kernel pool.
367 pages available in user pool.
Calibrating timer...  157,081,600 loops/s.
hda: 5,040 sectors (2 MB), model "QM00001", serial "QEMU HARDDISK"
hda1: 194 sectors (97 kB), Pintos OS kernel (20)
hda2: 4,096 sectors (2 MB), Pintos file system (21)
hda3: 98 sectors (49 kB), Pintos scratch (22)
filesys: using hda2
scratch: using hda3
Formatting file system...done.
Boot complete.
Extracting ustar archive from scratch device into file system...
Putting 'lg-seq-random' into the file system...
Erasing ustar archive...
Executing 'lg-seq-random':
(lg-seq-random) begin
(lg-seq-random) create "nibble"
(lg-seq-random) open "nibble"
(lg-seq-random) open "nibble": FAILED
lg-seq-random: exit(1)
Execution of 'lg-seq-random' complete.
Timer: 96 ticks
Thread: 3 idle ticks, 80 kernel ticks, 14 user ticks
hda2 (filesys): 96 reads, 352 writes
hda3 (scratch): 97 reads, 2 writes
Console: 992 characters output
Keyboard: 0 keys pressed
Exception: 0 page faults
Powering off...

- - - - - - - - - - - - - - - - - - - - - - - - - - - - - - - - - - - - - - 

DETAILS OF tests/filesys/base/syn-read FAILURE:

run: open "data": FAILED

OUTPUT FROM tests/filesys/base/syn-read:

Copying tests/filesys/base/syn-read to scratch partition...
Copying tests/filesys/base/child-syn-read to scratch partition...
qemu-system-x86_64 -device isa-debug-exit -hda /tmp/7Qwsyo_Xte.dsk -m 4 -net none -nographic -monitor null
PiLo hda1
Loading............
Kernel command line: -q -f extract run syn-read
Pintos booting with 3,968 kB RAM...
367 pages available in kernel pool.
367 pages available in user pool.
Calibrating timer...  104,140,800 loops/s.
hda: 5,040 sectors (2 MB), model "QM00001", serial "QEMU HARDDISK"
hda1: 194 sectors (97 kB), Pintos OS kernel (20)
hda2: 4,096 sectors (2 MB), Pintos file system (21)
hda3: 207 sectors (103 kB), Pintos scratch (22)
filesys: using hda2
scratch: using hda3
Formatting file system...done.
Boot complete.
Extracting ustar archive from scratch device into file system...
Putting 'syn-read' into the file system...
Putting 'child-syn-read' into the file system...
Erasing ustar archive...
Executing 'syn-read':
(syn-read) begin
(syn-read) create "data"
(syn-read) open "data"
(syn-read) open "data": FAILED
syn-read: exit(1)
Execution of 'syn-read' complete.
Timer: 97 ticks
Thread: 11 idle ticks, 82 kernel ticks, 4 user ticks
hda2 (filesys): 122 reads, 426 writes
hda3 (scratch): 206 reads, 2 writes
Console: 994 characters output
Keyboard: 0 keys pressed
Exception: 0 page faults
Powering off...

- - - - - - - - - - - - - - - - - - - - - - - - - - - - - - - - - - - - - - 

DETAILS OF tests/filesys/base/syn-write FAILURE:

run: ((null)) open "stuff": FAILED

OUTPUT FROM tests/filesys/base/syn-write:

Copying tests/filesys/base/syn-write to scratch partition...
Copying tests/filesys/base/child-syn-wrt to scratch partition...
qemu-system-x86_64 -device isa-debug-exit -hda /tmp/A10nxgrV2Z.dsk -m 4 -net none -nographic -monitor null
PiLo hda1
Loading............
Kernel command line: -q -f extract run syn-write
Pintos booting with 3,968 kB RAM...
367 pages available in kernel pool.
367 pages available in user pool.
Calibrating timer...  157,081,600 loops/s.
hda: 5,040 sectors (2 MB), model "QM00001", serial "QEMU HARDDISK"
hda1: 194 sectors (97 kB), Pintos OS kernel (20)
hda2: 4,096 sectors (2 MB), Pintos file system (21)
hda3: 208 sectors (104 kB), Pintos scratch (22)
filesys: using hda2
scratch: using hda3
Formatting file system...done.
Boot complete.
Extracting ustar archive from scratch device into file system...
Putting 'syn-write' into the file system...
Putting 'child-syn-wrt' into the file system...
Erasing ustar archive...
Executing 'syn-write':
(syn-write) begin
(syn-write) create "stuff"
(syn-write) exec child 1 of 10: "child-syn-wrt 0"
((null)) open "stuff": FAILED
child-syn-wrt: exit(1)
(syn-write) exec child 2 of 10: "child-syn-wrt 1"
((null)) open "stuff": FAILED
child-syn-wrt: exit(1)
(syn-write) exec child 3 of 10: "child-syn-wrt 2"
((null)) open "stuff": FAILED
child-syn-wrt: exit(1)
(syn-write) exec child 4 of 10: "child-syn-wrt 3"
((null)) open "stuff": FAILED
child-syn-wrt: exit(1)
(syn-write) exec child 5 of 10: "child-syn-wrt 4"
((null)) open "stuff": FAILED
child-syn-wrt: exit(1)
(syn-write) exec child 6 of 10: "child-syn-wrt 5"
((null)) open "stuff": FAILED
child-syn-wrt: exit(1)
(syn-write) exec child 7 of 10: "child-syn-wrt 6"
((null)) open "stuff": FAILED
child-syn-wrt: exit(1)
(syn-write) exec child 8 of 10: "child-syn-wrt 7"
((null)) open "stuff": FAILED
child-syn-wrt: exit(1)
(syn-write) exec child 9 of 10: "child-syn-wrt 8"
((null)) open "stuff": FAILED
child-syn-wrt: exit(1)
(syn-write) exec child 10 of 10: "child-syn-wrt 9"
((null)) open "stuff": FAILED
child-syn-wrt: exit(1)
(syn-write) wait for child 1 of 10 returned 1 (expected 0)
(syn-write) wait for child 1 of 10 returned 1 (expected 0): FAILED
syn-write: exit(1)
Execution of 'syn-write' complete.
Timer: 121 ticks
Thread: 12 idle ticks, 83 kernel ticks, 26 user ticks
hda2 (filesys): 655 reads, 436 writes
hda3 (scratch): 207 reads, 2 writes
Console: 2106 characters output
Keyboard: 0 keys pressed
Exception: 0 page faults
Powering off...

- - - - - - - - - - - - - - - - - - - - - - - - - - - - - - - - - - - - - - 

DETAILS OF tests/filesys/base/syn-remove FAILURE:

run: open "deleteme": FAILED

OUTPUT FROM tests/filesys/base/syn-remove:

Copying tests/filesys/base/syn-remove to scratch partition...
qemu-system-x86_64 -device isa-debug-exit -hda /tmp/ItW8DBtkSN.dsk -m 4 -net none -nographic -monitor null
PiLo hda1
Loading............
Kernel command line: -q -f extract run syn-remove
Pintos booting with 3,968 kB RAM...
367 pages available in kernel pool.
367 pages available in user pool.
Calibrating timer...  104,755,200 loops/s.
hda: 5,040 sectors (2 MB), model "QM00001", serial "QEMU HARDDISK"
hda1: 194 sectors (97 kB), Pintos OS kernel (20)
hda2: 4,096 sectors (2 MB), Pintos file system (21)
hda3: 100 sectors (50 kB), Pintos scratch (22)
filesys: using hda2
scratch: using hda3
Formatting file system...done.
Boot complete.
Extracting ustar archive from scratch device into file system...
Putting 'syn-remove' into the file system...
Erasing ustar archive...
Executing 'syn-remove':
(syn-remove) begin
(syn-remove) create "deleteme"
(syn-remove) open "deleteme"
(syn-remove) open "deleteme": FAILED
syn-remove: exit(1)
Execution of 'syn-remove' complete.
Timer: 86 ticks
Thread: 9 idle ticks, 76 kernel ticks, 1 user ticks
hda2 (filesys): 98 reads, 211 writes
hda3 (scratch): 99 reads, 2 writes
Console: 971 characters output
Keyboard: 0 keys pressed
Exception: 0 page faults
Powering off...
make[1]: Leaving directory '/home/chrx/Documents/Projects/project2OS/proj_2/userprog/build'
